This is pdfTeX, Version 3.14159265-2.6-1.40.19 (TeX Live 2018/W32TeX) (preloaded format=latex 2019.4.9)  30 JUL 2019 23:55
entering extended mode
 restricted \write18 enabled.
 %&-line parsing enabled.
**TPN4-PLL.tex
(./TPN4-PLL.tex
LaTeX2e <2018-12-01>
(d:/ASUS/Program Files/texlive/2018/texmf-dist/tex/latex/base/article.cls
Document Class: article 2018/09/03 v1.4i Standard LaTeX document class
(d:/ASUS/Program Files/texlive/2018/texmf-dist/tex/latex/base/size10.clo
File: size10.clo 2018/09/03 v1.4i Standard LaTeX file (size option)
)
\c@part=\count80
\c@section=\count81
\c@subsection=\count82
\c@subsubsection=\count83
\c@paragraph=\count84
\c@subparagraph=\count85
\c@figure=\count86
\c@table=\count87
\abovecaptionskip=\skip41
\belowcaptionskip=\skip42
\bibindent=\dimen102
)
(d:/ASUS/Program Files/texlive/2018/texmf-dist/tex/latex/graphics/graphicx.sty
Package: graphicx 2017/06/01 v1.1a Enhanced LaTeX Graphics (DPC,SPQR)

(d:/ASUS/Program Files/texlive/2018/texmf-dist/tex/latex/graphics/keyval.sty
Package: keyval 2014/10/28 v1.15 key=value parser (DPC)
\KV@toks@=\toks14
)
(d:/ASUS/Program Files/texlive/2018/texmf-dist/tex/latex/graphics/graphics.sty
Package: graphics 2017/06/25 v1.2c Standard LaTeX Graphics (DPC,SPQR)

(d:/ASUS/Program Files/texlive/2018/texmf-dist/tex/latex/graphics/trig.sty
Package: trig 2016/01/03 v1.10 sin cos tan (DPC)
)
(d:/ASUS/Program Files/texlive/2018/texmf-dist/tex/latex/graphics-cfg/graphics.
cfg
File: graphics.cfg 2016/06/04 v1.11 sample graphics configuration
)
Package graphics Info: Driver file: dvips.def on input line 99.

(d:/ASUS/Program Files/texlive/2018/texmf-dist/tex/latex/graphics-def/dvips.def
File: dvips.def 2017/06/20 v3.1d Graphics/color driver for dvips
))
\Gin@req@height=\dimen103
\Gin@req@width=\dimen104
) (d:/ASUS/Program Files/texlive/2018/texmf-dist/tex/latex/base/inputenc.sty
Package: inputenc 2018/08/11 v1.3c Input encoding file
\inpenc@prehook=\toks15
\inpenc@posthook=\toks16
) (d:/ASUS/Program Files/texlive/2018/texmf-dist/tex/latex/float/float.sty
Package: float 2001/11/08 v1.3d Float enhancements (AL)
\c@float@type=\count88
\float@exts=\toks17
\float@box=\box27
\@float@everytoks=\toks18
\@floatcapt=\box28
)
(d:/ASUS/Program Files/texlive/2018/texmf-dist/tex/generic/babel/babel.sty
Package: babel 2018/11/13 3.27 The Babel package

(d:/ASUS/Program Files/texlive/2018/texmf-dist/tex/generic/babel/switch.def
File: switch.def 2018/11/13 3.27 Babel switching mechanism
)
(d:/ASUS/Program Files/texlive/2018/texmf-dist/tex/generic/babel-spanish/spanis
h.ldf
Language: spanish.ldf 2016/03/03 v5.0p Spanish support from the babel system

(d:/ASUS/Program Files/texlive/2018/texmf-dist/tex/generic/babel/babel.def
File: babel.def 2018/11/13 3.27 Babel common definitions
\babel@savecnt=\count89
\U@D=\dimen105

(d:/ASUS/Program Files/texlive/2018/texmf-dist/tex/generic/babel/txtbabel.def)
\bbl@dirlevel=\count90
)
\es@quottoks=\toks19
\es@quotdepth=\count91
Package babel Info: Making " an active character on input line 561.
Package babel Info: Making . an active character on input line 662.
Package babel Info: Making < an active character on input line 707.
Package babel Info: Making > an active character on input line 707.
))
(d:/ASUS/Program Files/texlive/2018/texmf-dist/tex/latex/geometry/geometry.sty
Package: geometry 2018/04/16 v5.8 Page Geometry

(d:/ASUS/Program Files/texlive/2018/texmf-dist/tex/generic/oberdiek/ifpdf.sty
Package: ifpdf 2018/09/07 v3.3 Provides the ifpdf switch
)
(d:/ASUS/Program Files/texlive/2018/texmf-dist/tex/generic/oberdiek/ifvtex.sty
Package: ifvtex 2016/05/16 v1.6 Detect VTeX and its facilities (HO)
Package ifvtex Info: VTeX not detected.
) (d:/ASUS/Program Files/texlive/2018/texmf-dist/tex/generic/ifxetex/ifxetex.st
y
Package: ifxetex 2010/09/12 v0.6 Provides ifxetex conditional
)
\Gm@cnth=\count92
\Gm@cntv=\count93
\c@Gm@tempcnt=\count94
\Gm@bindingoffset=\dimen106
\Gm@wd@mp=\dimen107
\Gm@odd@mp=\dimen108
\Gm@even@mp=\dimen109
\Gm@layoutwidth=\dimen110
\Gm@layoutheight=\dimen111
\Gm@layouthoffset=\dimen112
\Gm@layoutvoffset=\dimen113
\Gm@dimlist=\toks20
)

Package geometry Warning: Over-specification in `h'-direction.
    `width' (483.69684pt) is ignored.


Package geometry Warning: Over-specification in `v'-direction.
    `height' (731.23582pt) is ignored.

(d:/ASUS/Program Files/texlive/2018/texmf-dist/tex/latex/hyperref/hyperref.sty
Package: hyperref 2018/11/30 v6.88e Hypertext links for LaTeX

(d:/ASUS/Program Files/texlive/2018/texmf-dist/tex/generic/oberdiek/hobsub-hype
rref.sty
Package: hobsub-hyperref 2016/05/16 v1.14 Bundle oberdiek, subset hyperref (HO)


(d:/ASUS/Program Files/texlive/2018/texmf-dist/tex/generic/oberdiek/hobsub-gene
ric.sty
Package: hobsub-generic 2016/05/16 v1.14 Bundle oberdiek, subset generic (HO)
Package: hobsub 2016/05/16 v1.14 Construct package bundles (HO)
Package: infwarerr 2016/05/16 v1.4 Providing info/warning/error messages (HO)
Package: ltxcmds 2016/05/16 v1.23 LaTeX kernel commands for general use (HO)
Package: ifluatex 2016/05/16 v1.4 Provides the ifluatex switch (HO)
Package ifluatex Info: LuaTeX not detected.
Package hobsub Info: Skipping package `ifvtex' (already loaded).
Package: intcalc 2016/05/16 v1.2 Expandable calculations with integers (HO)
Package hobsub Info: Skipping package `ifpdf' (already loaded).
Package: etexcmds 2016/05/16 v1.6 Avoid name clashes with e-TeX commands (HO)
Package etexcmds Info: Could not find \expanded.
(etexcmds)             That can mean that you are not using pdfTeX 1.50 or
(etexcmds)             that some package has redefined \expanded.
(etexcmds)             In the latter case, load this package earlier.
Package: kvsetkeys 2016/05/16 v1.17 Key value parser (HO)
Package: kvdefinekeys 2016/05/16 v1.4 Define keys (HO)
Package: pdftexcmds 2018/09/10 v0.29 Utility functions of pdfTeX for LuaTeX (HO
)
Package pdftexcmds Info: LuaTeX not detected.
Package pdftexcmds Info: \pdf@primitive is available.
Package pdftexcmds Info: \pdf@ifprimitive is available.
Package pdftexcmds Info: \pdfdraftmode is ignored in DVI mode.
Package: pdfescape 2016/05/16 v1.14 Implements pdfTeX's escape features (HO)
Package: bigintcalc 2016/05/16 v1.4 Expandable calculations on big integers (HO
)
Package: bitset 2016/05/16 v1.2 Handle bit-vector datatype (HO)
Package: uniquecounter 2016/05/16 v1.3 Provide unlimited unique counter (HO)
)
Package hobsub Info: Skipping package `hobsub' (already loaded).
Package: letltxmacro 2016/05/16 v1.5 Let assignment for LaTeX macros (HO)
Package: hopatch 2016/05/16 v1.3 Wrapper for package hooks (HO)
Package: xcolor-patch 2016/05/16 xcolor patch
Package: atveryend 2016/05/16 v1.9 Hooks at the very end of document (HO)
Package atveryend Info: \enddocument detected (standard20110627).
Package: atbegshi 2016/06/09 v1.18 At begin shipout hook (HO)
Package: refcount 2016/05/16 v3.5 Data extraction from label references (HO)
Package: hycolor 2016/05/16 v1.8 Color options for hyperref/bookmark (HO)
)
(d:/ASUS/Program Files/texlive/2018/texmf-dist/tex/latex/oberdiek/auxhook.sty
Package: auxhook 2016/05/16 v1.4 Hooks for auxiliary files (HO)
)
(d:/ASUS/Program Files/texlive/2018/texmf-dist/tex/latex/oberdiek/kvoptions.sty
Package: kvoptions 2016/05/16 v3.12 Key value format for package options (HO)
)
\@linkdim=\dimen114
\Hy@linkcounter=\count95
\Hy@pagecounter=\count96
 (d:/ASUS/Program Files/texlive/2018/texmf-dist/tex/latex/hyperref/pd1enc.def
File: pd1enc.def 2018/11/30 v6.88e Hyperref: PDFDocEncoding definition (HO)
Now handling font encoding PD1 ...
... no UTF-8 mapping file for font encoding PD1
)
\Hy@SavedSpaceFactor=\count97

(d:/ASUS/Program Files/texlive/2018/texmf-dist/tex/latex/latexconfig/hyperref.c
fg
File: hyperref.cfg 2002/06/06 v1.2 hyperref configuration of TeXLive
)
Package hyperref Info: Hyper figures OFF on input line 4519.
Package hyperref Info: Link nesting OFF on input line 4524.
Package hyperref Info: Hyper index ON on input line 4527.
Package hyperref Info: Plain pages OFF on input line 4534.
Package hyperref Info: Backreferencing OFF on input line 4539.
Package hyperref Info: Implicit mode ON; LaTeX internals redefined.
Package hyperref Info: Bookmarks ON on input line 4772.
\c@Hy@tempcnt=\count98
 (d:/ASUS/Program Files/texlive/2018/texmf-dist/tex/latex/url/url.sty
\Urlmuskip=\muskip10
Package: url 2013/09/16  ver 3.4  Verb mode for urls, etc.
)
LaTeX Info: Redefining \url on input line 5125.
\XeTeXLinkMargin=\dimen115
\Fld@menulength=\count99
\Field@Width=\dimen116
\Fld@charsize=\dimen117
Package hyperref Info: Hyper figures OFF on input line 6380.
Package hyperref Info: Link nesting OFF on input line 6385.
Package hyperref Info: Hyper index ON on input line 6388.
Package hyperref Info: backreferencing OFF on input line 6395.
Package hyperref Info: Link coloring OFF on input line 6400.
Package hyperref Info: Link coloring with OCG OFF on input line 6405.
Package hyperref Info: PDF/A mode OFF on input line 6410.
LaTeX Info: Redefining \ref on input line 6450.
LaTeX Info: Redefining \pageref on input line 6454.
\Hy@abspage=\count100
\c@Item=\count101
\c@Hfootnote=\count102
)
Package hyperref Info: Driver (default): hdvips.

(d:/ASUS/Program Files/texlive/2018/texmf-dist/tex/latex/hyperref/hdvips.def
File: hdvips.def 2018/11/30 v6.88e Hyperref driver for dvips

(d:/ASUS/Program Files/texlive/2018/texmf-dist/tex/latex/hyperref/pdfmark.def
File: pdfmark.def 2018/11/30 v6.88e Hyperref definitions for pdfmark specials
\pdf@docset=\toks21
\pdf@box=\box29
\pdf@toks=\toks22
\pdf@defaulttoks=\toks23
\HyField@AnnotCount=\count103
\Fld@listcount=\count104
\c@bookmark@seq@number=\count105

(d:/ASUS/Program Files/texlive/2018/texmf-dist/tex/latex/oberdiek/rerunfilechec
k.sty
Package: rerunfilecheck 2016/05/16 v1.8 Rerun checks for auxiliary files (HO)
Package uniquecounter Info: New unique counter `rerunfilecheck' on input line 2
82.
)
\Hy@SectionHShift=\skip43
))
(d:/ASUS/Program Files/texlive/2018/texmf-dist/tex/latex/amsmath/amsmath.sty
Package: amsmath 2018/12/01 v2.17b AMS math features
\@mathmargin=\skip44

For additional information on amsmath, use the `?' option.
(d:/ASUS/Program Files/texlive/2018/texmf-dist/tex/latex/amsmath/amstext.sty
Package: amstext 2000/06/29 v2.01 AMS text

(d:/ASUS/Program Files/texlive/2018/texmf-dist/tex/latex/amsmath/amsgen.sty
File: amsgen.sty 1999/11/30 v2.0 generic functions
\@emptytoks=\toks24
\ex@=\dimen118
))
(d:/ASUS/Program Files/texlive/2018/texmf-dist/tex/latex/amsmath/amsbsy.sty
Package: amsbsy 1999/11/29 v1.2d Bold Symbols
\pmbraise@=\dimen119
)
(d:/ASUS/Program Files/texlive/2018/texmf-dist/tex/latex/amsmath/amsopn.sty
Package: amsopn 2016/03/08 v2.02 operator names
)
\inf@bad=\count106
LaTeX Info: Redefining \frac on input line 223.
\uproot@=\count107
\leftroot@=\count108
LaTeX Info: Redefining \overline on input line 385.
\classnum@=\count109
\DOTSCASE@=\count110
LaTeX Info: Redefining \ldots on input line 482.
LaTeX Info: Redefining \dots on input line 485.
LaTeX Info: Redefining \cdots on input line 606.
\Mathstrutbox@=\box30
\strutbox@=\box31
\big@size=\dimen120
LaTeX Font Info:    Redeclaring font encoding OML on input line 729.
LaTeX Font Info:    Redeclaring font encoding OMS on input line 730.
\macc@depth=\count111
\c@MaxMatrixCols=\count112
\dotsspace@=\muskip11
\c@parentequation=\count113
\dspbrk@lvl=\count114
\tag@help=\toks25
\row@=\count115
\column@=\count116
\maxfields@=\count117
\andhelp@=\toks26
\eqnshift@=\dimen121
\alignsep@=\dimen122
\tagshift@=\dimen123
\tagwidth@=\dimen124
\totwidth@=\dimen125
\lineht@=\dimen126
\@envbody=\toks27
\multlinegap=\skip45
\multlinetaggap=\skip46
\mathdisplay@stack=\toks28
LaTeX Info: Redefining \[ on input line 2844.
LaTeX Info: Redefining \] on input line 2845.
)
(d:/ASUS/Program Files/texlive/2018/texmf-dist/tex/latex/amsfonts/amsfonts.sty
Package: amsfonts 2013/01/14 v3.01 Basic AMSFonts support
\symAMSa=\mathgroup4
\symAMSb=\mathgroup5
LaTeX Font Info:    Overwriting math alphabet `\mathfrak' in version `bold'
(Font)                  U/euf/m/n --> U/euf/b/n on input line 106.
) (d:/ASUS/Program Files/texlive/2018/texmf-dist/tex/latex/enumitem/enumitem.st
y
Package: enumitem 2019/02/04 v3.8 Customized lists
\labelindent=\skip47
\enit@outerparindent=\dimen127
\enit@toks=\toks29
\enit@inbox=\box32
\enit@count@id=\count118
\enitdp@description=\count119
) (d:/ASUS/Program Files/texlive/2018/texmf-dist/tex/latex/xcolor/xcolor.sty
Package: xcolor 2016/05/11 v2.12 LaTeX color extensions (UK)

(d:/ASUS/Program Files/texlive/2018/texmf-dist/tex/latex/graphics-cfg/color.cfg
File: color.cfg 2016/01/02 v1.6 sample color configuration
)
Package xcolor Info: Driver file: dvips.def on input line 225.
Package xcolor Info: Model `cmy' substituted by `cmy0' on input line 1348.
Package xcolor Info: Model `RGB' extended on input line 1364.
Package xcolor Info: Model `HTML' substituted by `rgb' on input line 1366.
Package xcolor Info: Model `Hsb' substituted by `hsb' on input line 1367.
Package xcolor Info: Model `tHsb' substituted by `hsb' on input line 1368.
Package xcolor Info: Model `HSB' substituted by `hsb' on input line 1369.
Package xcolor Info: Model `Gray' substituted by `gray' on input line 1370.
Package xcolor Info: Model `wave' substituted by `hsb' on input line 1371.
) (d:/ASUS/Program Files/texlive/2018/texmf-dist/tex/latex/base/textcomp.sty
Package: textcomp 2018/08/11 v2.0j Standard LaTeX package
Package textcomp Info: Sub-encoding information:
(textcomp)               5 = only ISO-Adobe without \textcurrency
(textcomp)               4 = 5 + \texteuro
(textcomp)               3 = 4 + \textohm
(textcomp)               2 = 3 + \textestimated + \textcurrency
(textcomp)               1 = TS1 - \textcircled - \t
(textcomp)               0 = TS1 (full)
(textcomp)             Font families with sub-encoding setting implement
(textcomp)             only a restricted character set as indicated.
(textcomp)             Family '?' is the default used for unknown fonts.
(textcomp)             See the documentation for details.
Package textcomp Info: Setting ? sub-encoding to TS1/1 on input line 79.

(d:/ASUS/Program Files/texlive/2018/texmf-dist/tex/latex/base/ts1enc.def
File: ts1enc.def 2001/06/05 v3.0e (jk/car/fm) Standard LaTeX file
Now handling font encoding TS1 ...
... processing UTF-8 mapping file for font encoding TS1

(d:/ASUS/Program Files/texlive/2018/texmf-dist/tex/latex/base/ts1enc.dfu
File: ts1enc.dfu 2018/10/05 v1.2f UTF-8 support for inputenc
   defining Unicode char U+00A2 (decimal 162)
   defining Unicode char U+00A3 (decimal 163)
   defining Unicode char U+00A4 (decimal 164)
   defining Unicode char U+00A5 (decimal 165)
   defining Unicode char U+00A6 (decimal 166)
   defining Unicode char U+00A7 (decimal 167)
   defining Unicode char U+00A8 (decimal 168)
   defining Unicode char U+00A9 (decimal 169)
   defining Unicode char U+00AA (decimal 170)
   defining Unicode char U+00AC (decimal 172)
   defining Unicode char U+00AE (decimal 174)
   defining Unicode char U+00AF (decimal 175)
   defining Unicode char U+00B0 (decimal 176)
   defining Unicode char U+00B1 (decimal 177)
   defining Unicode char U+00B2 (decimal 178)
   defining Unicode char U+00B3 (decimal 179)
   defining Unicode char U+00B4 (decimal 180)
   defining Unicode char U+00B5 (decimal 181)
   defining Unicode char U+00B6 (decimal 182)
   defining Unicode char U+00B7 (decimal 183)
   defining Unicode char U+00B9 (decimal 185)
   defining Unicode char U+00BA (decimal 186)
   defining Unicode char U+00BC (decimal 188)
   defining Unicode char U+00BD (decimal 189)
   defining Unicode char U+00BE (decimal 190)
   defining Unicode char U+00D7 (decimal 215)
   defining Unicode char U+00F7 (decimal 247)
   defining Unicode char U+0192 (decimal 402)
   defining Unicode char U+02C7 (decimal 711)
   defining Unicode char U+02D8 (decimal 728)
   defining Unicode char U+02DD (decimal 733)
   defining Unicode char U+0E3F (decimal 3647)
   defining Unicode char U+2016 (decimal 8214)
   defining Unicode char U+2020 (decimal 8224)
   defining Unicode char U+2021 (decimal 8225)
   defining Unicode char U+2022 (decimal 8226)
   defining Unicode char U+2030 (decimal 8240)
   defining Unicode char U+2031 (decimal 8241)
   defining Unicode char U+203B (decimal 8251)
   defining Unicode char U+203D (decimal 8253)
   defining Unicode char U+2044 (decimal 8260)
   defining Unicode char U+204E (decimal 8270)
   defining Unicode char U+2052 (decimal 8274)
   defining Unicode char U+20A1 (decimal 8353)
   defining Unicode char U+20A4 (decimal 8356)
   defining Unicode char U+20A6 (decimal 8358)
   defining Unicode char U+20A9 (decimal 8361)
   defining Unicode char U+20AB (decimal 8363)
   defining Unicode char U+20AC (decimal 8364)
   defining Unicode char U+20B1 (decimal 8369)
   defining Unicode char U+2103 (decimal 8451)
   defining Unicode char U+2116 (decimal 8470)
   defining Unicode char U+2117 (decimal 8471)
   defining Unicode char U+211E (decimal 8478)
   defining Unicode char U+2120 (decimal 8480)
   defining Unicode char U+2122 (decimal 8482)
   defining Unicode char U+2126 (decimal 8486)
   defining Unicode char U+2127 (decimal 8487)
   defining Unicode char U+212E (decimal 8494)
   defining Unicode char U+2190 (decimal 8592)
   defining Unicode char U+2191 (decimal 8593)
   defining Unicode char U+2192 (decimal 8594)
   defining Unicode char U+2193 (decimal 8595)
   defining Unicode char U+2329 (decimal 9001)
   defining Unicode char U+232A (decimal 9002)
   defining Unicode char U+2422 (decimal 9250)
   defining Unicode char U+25E6 (decimal 9702)
   defining Unicode char U+25EF (decimal 9711)
   defining Unicode char U+266A (decimal 9834)
   defining Unicode char U+FEFF (decimal 65279)
))
LaTeX Info: Redefining \oldstylenums on input line 334.
Package textcomp Info: Setting cmr sub-encoding to TS1/0 on input line 349.
Package textcomp Info: Setting cmss sub-encoding to TS1/0 on input line 350.
Package textcomp Info: Setting cmtt sub-encoding to TS1/0 on input line 351.
Package textcomp Info: Setting cmvtt sub-encoding to TS1/0 on input line 352.
Package textcomp Info: Setting cmbr sub-encoding to TS1/0 on input line 353.
Package textcomp Info: Setting cmtl sub-encoding to TS1/0 on input line 354.
Package textcomp Info: Setting ccr sub-encoding to TS1/0 on input line 355.
Package textcomp Info: Setting ptm sub-encoding to TS1/4 on input line 356.
Package textcomp Info: Setting pcr sub-encoding to TS1/4 on input line 357.
Package textcomp Info: Setting phv sub-encoding to TS1/4 on input line 358.
Package textcomp Info: Setting ppl sub-encoding to TS1/3 on input line 359.
Package textcomp Info: Setting pag sub-encoding to TS1/4 on input line 360.
Package textcomp Info: Setting pbk sub-encoding to TS1/4 on input line 361.
Package textcomp Info: Setting pnc sub-encoding to TS1/4 on input line 362.
Package textcomp Info: Setting pzc sub-encoding to TS1/4 on input line 363.
Package textcomp Info: Setting bch sub-encoding to TS1/4 on input line 364.
Package textcomp Info: Setting put sub-encoding to TS1/5 on input line 365.
Package textcomp Info: Setting uag sub-encoding to TS1/5 on input line 366.
Package textcomp Info: Setting ugq sub-encoding to TS1/5 on input line 367.
Package textcomp Info: Setting ul8 sub-encoding to TS1/4 on input line 368.
Package textcomp Info: Setting ul9 sub-encoding to TS1/4 on input line 369.
Package textcomp Info: Setting augie sub-encoding to TS1/5 on input line 370.
Package textcomp Info: Setting dayrom sub-encoding to TS1/3 on input line 371.
Package textcomp Info: Setting dayroms sub-encoding to TS1/3 on input line 372.

Package textcomp Info: Setting pxr sub-encoding to TS1/0 on input line 373.
Package textcomp Info: Setting pxss sub-encoding to TS1/0 on input line 374.
Package textcomp Info: Setting pxtt sub-encoding to TS1/0 on input line 375.
Package textcomp Info: Setting txr sub-encoding to TS1/0 on input line 376.
Package textcomp Info: Setting txss sub-encoding to TS1/0 on input line 377.
Package textcomp Info: Setting txtt sub-encoding to TS1/0 on input line 378.
Package textcomp Info: Setting lmr sub-encoding to TS1/0 on input line 379.
Package textcomp Info: Setting lmdh sub-encoding to TS1/0 on input line 380.
Package textcomp Info: Setting lmss sub-encoding to TS1/0 on input line 381.
Package textcomp Info: Setting lmssq sub-encoding to TS1/0 on input line 382.
Package textcomp Info: Setting lmvtt sub-encoding to TS1/0 on input line 383.
Package textcomp Info: Setting lmtt sub-encoding to TS1/0 on input line 384.
Package textcomp Info: Setting qhv sub-encoding to TS1/0 on input line 385.
Package textcomp Info: Setting qag sub-encoding to TS1/0 on input line 386.
Package textcomp Info: Setting qbk sub-encoding to TS1/0 on input line 387.
Package textcomp Info: Setting qcr sub-encoding to TS1/0 on input line 388.
Package textcomp Info: Setting qcs sub-encoding to TS1/0 on input line 389.
Package textcomp Info: Setting qpl sub-encoding to TS1/0 on input line 390.
Package textcomp Info: Setting qtm sub-encoding to TS1/0 on input line 391.
Package textcomp Info: Setting qzc sub-encoding to TS1/0 on input line 392.
Package textcomp Info: Setting qhvc sub-encoding to TS1/0 on input line 393.
Package textcomp Info: Setting futs sub-encoding to TS1/4 on input line 394.
Package textcomp Info: Setting futx sub-encoding to TS1/4 on input line 395.
Package textcomp Info: Setting futj sub-encoding to TS1/4 on input line 396.
Package textcomp Info: Setting hlh sub-encoding to TS1/3 on input line 397.
Package textcomp Info: Setting hls sub-encoding to TS1/3 on input line 398.
Package textcomp Info: Setting hlst sub-encoding to TS1/3 on input line 399.
Package textcomp Info: Setting hlct sub-encoding to TS1/5 on input line 400.
Package textcomp Info: Setting hlx sub-encoding to TS1/5 on input line 401.
Package textcomp Info: Setting hlce sub-encoding to TS1/5 on input line 402.
Package textcomp Info: Setting hlcn sub-encoding to TS1/5 on input line 403.
Package textcomp Info: Setting hlcw sub-encoding to TS1/5 on input line 404.
Package textcomp Info: Setting hlcf sub-encoding to TS1/5 on input line 405.
Package textcomp Info: Setting pplx sub-encoding to TS1/3 on input line 406.
Package textcomp Info: Setting pplj sub-encoding to TS1/3 on input line 407.
Package textcomp Info: Setting ptmx sub-encoding to TS1/4 on input line 408.
Package textcomp Info: Setting ptmj sub-encoding to TS1/4 on input line 409.
)
(d:/ASUS/Program Files/texlive/2018/texmf-dist/tex/latex/fancyhdr/fancyhdr.sty
Package: fancyhdr 2019/01/31 v3.10 Extensive control of page headers and footer
s
\f@nch@headwidth=\skip48
\f@nch@O@elh=\skip49
\f@nch@O@erh=\skip50
\f@nch@O@olh=\skip51
\f@nch@O@orh=\skip52
\f@nch@O@elf=\skip53
\f@nch@O@erf=\skip54
\f@nch@O@olf=\skip55
\f@nch@O@orf=\skip56
) (d:/ASUS/Program Files/texlive/2018/texmf-dist/tex/latex/tools/multicol.sty
Package: multicol 2018/12/27 v1.8v multicolumn formatting (FMi)
\c@tracingmulticols=\count120


Package multicol Warning: May not work with the twocolumn option on input line 
141.

\mult@box=\box33
\multicol@leftmargin=\dimen128
\c@unbalance=\count121
\c@collectmore=\count122
\doublecol@number=\count123
\multicoltolerance=\count124
\multicolpretolerance=\count125
\full@width=\dimen129
\page@free=\dimen130
\premulticols=\dimen131
\postmulticols=\dimen132
\multicolsep=\skip57
\multicolbaselineskip=\skip58
\partial@page=\box34
\last@line=\box35
\maxbalancingoverflow=\dimen133
\mult@rightbox=\box36
\mult@grightbox=\box37
\mult@gfirstbox=\box38
\mult@firstbox=\box39
\@tempa=\box40
\@tempa=\box41
\@tempa=\box42
\@tempa=\box43
\@tempa=\box44
\@tempa=\box45
\@tempa=\box46
\@tempa=\box47
\@tempa=\box48
\@tempa=\box49
\@tempa=\box50
\@tempa=\box51
\@tempa=\box52
\@tempa=\box53
\@tempa=\box54
\@tempa=\box55
\@tempa=\box56
\c@columnbadness=\count126
\c@finalcolumnbadness=\count127
\last@try=\dimen134
\multicolovershoot=\dimen135
\multicolundershoot=\dimen136
\mult@nat@firstbox=\box57
\colbreak@box=\box58
\mc@col@check@num=\count128
)
(d:/ASUS/Program Files/texlive/2018/texmf-dist/tex/latex/pgfplots/pgfplots.sty
(d:/ASUS/Program Files/texlive/2018/texmf-dist/tex/generic/pgfplots/pgfplots.re
vision.tex)
Package: pgfplots 2018/03/28 v1.16 Data Visualization (1.16)

(d:/ASUS/Program Files/texlive/2018/texmf-dist/tex/latex/pgf/frontendlayer/tikz
.sty
(d:/ASUS/Program Files/texlive/2018/texmf-dist/tex/latex/pgf/basiclayer/pgf.sty

(d:/ASUS/Program Files/texlive/2018/texmf-dist/tex/latex/pgf/utilities/pgfrcs.s
ty
(d:/ASUS/Program Files/texlive/2018/texmf-dist/tex/generic/pgf/utilities/pgfuti
l-common.tex
\pgfutil@everybye=\toks30
\pgfutil@tempdima=\dimen137
\pgfutil@tempdimb=\dimen138

(d:/ASUS/Program Files/texlive/2018/texmf-dist/tex/generic/pgf/utilities/pgfuti
l-common-lists.tex))
(d:/ASUS/Program Files/texlive/2018/texmf-dist/tex/generic/pgf/utilities/pgfuti
l-latex.def
\pgfutil@abb=\box59

(d:/ASUS/Program Files/texlive/2018/texmf-dist/tex/latex/ms/everyshi.sty
Package: everyshi 2001/05/15 v3.00 EveryShipout Package (MS)
))
(d:/ASUS/Program Files/texlive/2018/texmf-dist/tex/generic/pgf/utilities/pgfrcs
.code.tex
(d:/ASUS/Program Files/texlive/2018/texmf-dist/tex/generic/pgf/pgf.revision.tex
)
Package: pgfrcs 2019/02/02 v3.1.1 (3.1.1)
))
Package: pgf 2019/02/02 v3.1.1 (3.1.1)

(d:/ASUS/Program Files/texlive/2018/texmf-dist/tex/latex/pgf/basiclayer/pgfcore
.sty
(d:/ASUS/Program Files/texlive/2018/texmf-dist/tex/latex/pgf/systemlayer/pgfsys
.sty
(d:/ASUS/Program Files/texlive/2018/texmf-dist/tex/generic/pgf/systemlayer/pgfs
ys.code.tex
Package: pgfsys 2019/02/02 v3.1.1 (3.1.1)

(d:/ASUS/Program Files/texlive/2018/texmf-dist/tex/generic/pgf/utilities/pgfkey
s.code.tex
\pgfkeys@pathtoks=\toks31
\pgfkeys@temptoks=\toks32

(d:/ASUS/Program Files/texlive/2018/texmf-dist/tex/generic/pgf/utilities/pgfkey
sfiltered.code.tex
\pgfkeys@tmptoks=\toks33
))
\pgf@x=\dimen139
\pgf@y=\dimen140
\pgf@xa=\dimen141
\pgf@ya=\dimen142
\pgf@xb=\dimen143
\pgf@yb=\dimen144
\pgf@xc=\dimen145
\pgf@yc=\dimen146
\w@pgf@writea=\write3
\r@pgf@reada=\read1
\c@pgf@counta=\count129
\c@pgf@countb=\count130
\c@pgf@countc=\count131
\c@pgf@countd=\count132
\t@pgf@toka=\toks34
\t@pgf@tokb=\toks35
\t@pgf@tokc=\toks36
\pgf@sys@id@count=\count133

(d:/ASUS/Program Files/texlive/2018/texmf-dist/tex/generic/pgf/systemlayer/pgf.
cfg
File: pgf.cfg 2019/02/02 v3.1.1 (3.1.1)
)
Driver file for pgf: pgfsys-dvips.def

(d:/ASUS/Program Files/texlive/2018/texmf-dist/tex/generic/pgf/systemlayer/pgfs
ys-dvips.def
File: pgfsys-dvips.def 2019/02/02 v3.1.1 (3.1.1)

(d:/ASUS/Program Files/texlive/2018/texmf-dist/tex/generic/pgf/systemlayer/pgfs
ys-common-postscript.def
File: pgfsys-common-postscript.def 2019/02/02 v3.1.1 (3.1.1)
\pgf@objectcount=\count134
)))
(d:/ASUS/Program Files/texlive/2018/texmf-dist/tex/generic/pgf/systemlayer/pgfs
yssoftpath.code.tex
File: pgfsyssoftpath.code.tex 2019/02/02 v3.1.1 (3.1.1)
\pgfsyssoftpath@smallbuffer@items=\count135
\pgfsyssoftpath@bigbuffer@items=\count136
)
(d:/ASUS/Program Files/texlive/2018/texmf-dist/tex/generic/pgf/systemlayer/pgfs
ysprotocol.code.tex
File: pgfsysprotocol.code.tex 2019/02/02 v3.1.1 (3.1.1)
))
(d:/ASUS/Program Files/texlive/2018/texmf-dist/tex/generic/pgf/basiclayer/pgfco
re.code.tex
Package: pgfcore 2019/02/02 v3.1.1 (3.1.1)

(d:/ASUS/Program Files/texlive/2018/texmf-dist/tex/generic/pgf/math/pgfmath.cod
e.tex
(d:/ASUS/Program Files/texlive/2018/texmf-dist/tex/generic/pgf/math/pgfmathcalc
.code.tex
(d:/ASUS/Program Files/texlive/2018/texmf-dist/tex/generic/pgf/math/pgfmathutil
.code.tex)
(d:/ASUS/Program Files/texlive/2018/texmf-dist/tex/generic/pgf/math/pgfmathpars
er.code.tex
\pgfmath@dimen=\dimen147
\pgfmath@count=\count137
\pgfmath@box=\box60
\pgfmath@toks=\toks37
\pgfmath@stack@operand=\toks38
\pgfmath@stack@operation=\toks39
)
(d:/ASUS/Program Files/texlive/2018/texmf-dist/tex/generic/pgf/math/pgfmathfunc
tions.code.tex
(d:/ASUS/Program Files/texlive/2018/texmf-dist/tex/generic/pgf/math/pgfmathfunc
tions.basic.code.tex)
(d:/ASUS/Program Files/texlive/2018/texmf-dist/tex/generic/pgf/math/pgfmathfunc
tions.trigonometric.code.tex)
(d:/ASUS/Program Files/texlive/2018/texmf-dist/tex/generic/pgf/math/pgfmathfunc
tions.random.code.tex)
(d:/ASUS/Program Files/texlive/2018/texmf-dist/tex/generic/pgf/math/pgfmathfunc
tions.comparison.code.tex)
(d:/ASUS/Program Files/texlive/2018/texmf-dist/tex/generic/pgf/math/pgfmathfunc
tions.base.code.tex)
(d:/ASUS/Program Files/texlive/2018/texmf-dist/tex/generic/pgf/math/pgfmathfunc
tions.round.code.tex)
(d:/ASUS/Program Files/texlive/2018/texmf-dist/tex/generic/pgf/math/pgfmathfunc
tions.misc.code.tex)
(d:/ASUS/Program Files/texlive/2018/texmf-dist/tex/generic/pgf/math/pgfmathfunc
tions.integerarithmetics.code.tex)))
(d:/ASUS/Program Files/texlive/2018/texmf-dist/tex/generic/pgf/math/pgfmathfloa
t.code.tex
\c@pgfmathroundto@lastzeros=\count138
))
(d:/ASUS/Program Files/texlive/2018/texmf-dist/tex/generic/pgf/basiclayer/pgfco
repoints.code.tex
File: pgfcorepoints.code.tex 2019/02/02 v3.1.1 (3.1.1)
\pgf@picminx=\dimen148
\pgf@picmaxx=\dimen149
\pgf@picminy=\dimen150
\pgf@picmaxy=\dimen151
\pgf@pathminx=\dimen152
\pgf@pathmaxx=\dimen153
\pgf@pathminy=\dimen154
\pgf@pathmaxy=\dimen155
\pgf@xx=\dimen156
\pgf@xy=\dimen157
\pgf@yx=\dimen158
\pgf@yy=\dimen159
\pgf@zx=\dimen160
\pgf@zy=\dimen161
)
(d:/ASUS/Program Files/texlive/2018/texmf-dist/tex/generic/pgf/basiclayer/pgfco
repathconstruct.code.tex
File: pgfcorepathconstruct.code.tex 2019/02/02 v3.1.1 (3.1.1)
\pgf@path@lastx=\dimen162
\pgf@path@lasty=\dimen163
)
(d:/ASUS/Program Files/texlive/2018/texmf-dist/tex/generic/pgf/basiclayer/pgfco
repathusage.code.tex
File: pgfcorepathusage.code.tex 2019/02/02 v3.1.1 (3.1.1)
\pgf@shorten@end@additional=\dimen164
\pgf@shorten@start@additional=\dimen165
)
(d:/ASUS/Program Files/texlive/2018/texmf-dist/tex/generic/pgf/basiclayer/pgfco
rescopes.code.tex
File: pgfcorescopes.code.tex 2019/02/02 v3.1.1 (3.1.1)
\pgfpic=\box61
\pgf@hbox=\box62
\pgf@layerbox@main=\box63
\pgf@picture@serial@count=\count139
)
(d:/ASUS/Program Files/texlive/2018/texmf-dist/tex/generic/pgf/basiclayer/pgfco
regraphicstate.code.tex
File: pgfcoregraphicstate.code.tex 2019/02/02 v3.1.1 (3.1.1)
\pgflinewidth=\dimen166
)
(d:/ASUS/Program Files/texlive/2018/texmf-dist/tex/generic/pgf/basiclayer/pgfco
retransformations.code.tex
File: pgfcoretransformations.code.tex 2019/02/02 v3.1.1 (3.1.1)
\pgf@pt@x=\dimen167
\pgf@pt@y=\dimen168
\pgf@pt@temp=\dimen169
)
(d:/ASUS/Program Files/texlive/2018/texmf-dist/tex/generic/pgf/basiclayer/pgfco
requick.code.tex
File: pgfcorequick.code.tex 2019/02/02 v3.1.1 (3.1.1)
)
(d:/ASUS/Program Files/texlive/2018/texmf-dist/tex/generic/pgf/basiclayer/pgfco
reobjects.code.tex
File: pgfcoreobjects.code.tex 2019/02/02 v3.1.1 (3.1.1)
)
(d:/ASUS/Program Files/texlive/2018/texmf-dist/tex/generic/pgf/basiclayer/pgfco
repathprocessing.code.tex
File: pgfcorepathprocessing.code.tex 2019/02/02 v3.1.1 (3.1.1)
)
(d:/ASUS/Program Files/texlive/2018/texmf-dist/tex/generic/pgf/basiclayer/pgfco
rearrows.code.tex
File: pgfcorearrows.code.tex 2019/02/02 v3.1.1 (3.1.1)
\pgfarrowsep=\dimen170
)
(d:/ASUS/Program Files/texlive/2018/texmf-dist/tex/generic/pgf/basiclayer/pgfco
reshade.code.tex
File: pgfcoreshade.code.tex 2019/02/02 v3.1.1 (3.1.1)
\pgf@max=\dimen171
\pgf@sys@shading@range@num=\count140
)
(d:/ASUS/Program Files/texlive/2018/texmf-dist/tex/generic/pgf/basiclayer/pgfco
reimage.code.tex
File: pgfcoreimage.code.tex 2019/02/02 v3.1.1 (3.1.1)

(d:/ASUS/Program Files/texlive/2018/texmf-dist/tex/generic/pgf/basiclayer/pgfco
reexternal.code.tex
File: pgfcoreexternal.code.tex 2019/02/02 v3.1.1 (3.1.1)
\pgfexternal@startupbox=\box64
))
(d:/ASUS/Program Files/texlive/2018/texmf-dist/tex/generic/pgf/basiclayer/pgfco
relayers.code.tex
File: pgfcorelayers.code.tex 2019/02/02 v3.1.1 (3.1.1)
)
(d:/ASUS/Program Files/texlive/2018/texmf-dist/tex/generic/pgf/basiclayer/pgfco
retransparency.code.tex
File: pgfcoretransparency.code.tex 2019/02/02 v3.1.1 (3.1.1)
)
(d:/ASUS/Program Files/texlive/2018/texmf-dist/tex/generic/pgf/basiclayer/pgfco
repatterns.code.tex
File: pgfcorepatterns.code.tex 2019/02/02 v3.1.1 (3.1.1)
)
(d:/ASUS/Program Files/texlive/2018/texmf-dist/tex/generic/pgf/basiclayer/pgfco
rerdf.code.tex
File: pgfcorerdf.code.tex 2019/02/02 v3.1.1 (3.1.1)
)))
(d:/ASUS/Program Files/texlive/2018/texmf-dist/tex/generic/pgf/modules/pgfmodul
eshapes.code.tex
File: pgfmoduleshapes.code.tex 2019/02/02 v3.1.1 (3.1.1)
\pgfnodeparttextbox=\box65
)
(d:/ASUS/Program Files/texlive/2018/texmf-dist/tex/generic/pgf/modules/pgfmodul
eplot.code.tex
File: pgfmoduleplot.code.tex 2019/02/02 v3.1.1 (3.1.1)
)
(d:/ASUS/Program Files/texlive/2018/texmf-dist/tex/latex/pgf/compatibility/pgfc
omp-version-0-65.sty
Package: pgfcomp-version-0-65 2019/02/02 v3.1.1 (3.1.1)
\pgf@nodesepstart=\dimen172
\pgf@nodesepend=\dimen173
)
(d:/ASUS/Program Files/texlive/2018/texmf-dist/tex/latex/pgf/compatibility/pgfc
omp-version-1-18.sty
Package: pgfcomp-version-1-18 2019/02/02 v3.1.1 (3.1.1)
))
(d:/ASUS/Program Files/texlive/2018/texmf-dist/tex/latex/pgf/utilities/pgffor.s
ty
(d:/ASUS/Program Files/texlive/2018/texmf-dist/tex/latex/pgf/utilities/pgfkeys.
sty
(d:/ASUS/Program Files/texlive/2018/texmf-dist/tex/generic/pgf/utilities/pgfkey
s.code.tex))
(d:/ASUS/Program Files/texlive/2018/texmf-dist/tex/latex/pgf/math/pgfmath.sty
(d:/ASUS/Program Files/texlive/2018/texmf-dist/tex/generic/pgf/math/pgfmath.cod
e.tex))
(d:/ASUS/Program Files/texlive/2018/texmf-dist/tex/generic/pgf/utilities/pgffor
.code.tex
Package: pgffor 2019/02/02 v3.1.1 (3.1.1)

(d:/ASUS/Program Files/texlive/2018/texmf-dist/tex/generic/pgf/math/pgfmath.cod
e.tex)
\pgffor@iter=\dimen174
\pgffor@skip=\dimen175
\pgffor@stack=\toks40
\pgffor@toks=\toks41
))
(d:/ASUS/Program Files/texlive/2018/texmf-dist/tex/generic/pgf/frontendlayer/ti
kz/tikz.code.tex
Package: tikz 2019/02/02 v3.1.1 (3.1.1)

(d:/ASUS/Program Files/texlive/2018/texmf-dist/tex/generic/pgf/libraries/pgflib
raryplothandlers.code.tex
File: pgflibraryplothandlers.code.tex 2019/02/02 v3.1.1 (3.1.1)
\pgf@plot@mark@count=\count141
\pgfplotmarksize=\dimen176
)
\tikz@lastx=\dimen177
\tikz@lasty=\dimen178
\tikz@lastxsaved=\dimen179
\tikz@lastysaved=\dimen180
\tikzleveldistance=\dimen181
\tikzsiblingdistance=\dimen182
\tikz@figbox=\box66
\tikz@figbox@bg=\box67
\tikz@tempbox=\box68
\tikz@tempbox@bg=\box69
\tikztreelevel=\count142
\tikznumberofchildren=\count143
\tikznumberofcurrentchild=\count144
\tikz@fig@count=\count145

(d:/ASUS/Program Files/texlive/2018/texmf-dist/tex/generic/pgf/modules/pgfmodul
ematrix.code.tex
File: pgfmodulematrix.code.tex 2019/02/02 v3.1.1 (3.1.1)
\pgfmatrixcurrentrow=\count146
\pgfmatrixcurrentcolumn=\count147
\pgf@matrix@numberofcolumns=\count148
)
\tikz@expandcount=\count149

(d:/ASUS/Program Files/texlive/2018/texmf-dist/tex/generic/pgf/frontendlayer/ti
kz/libraries/tikzlibrarytopaths.code.tex
File: tikzlibrarytopaths.code.tex 2019/02/02 v3.1.1 (3.1.1)
)))
(d:/ASUS/Program Files/texlive/2018/texmf-dist/tex/generic/pgfplots/pgfplots.co
de.tex
(d:/ASUS/Program Files/texlive/2018/texmf-dist/tex/generic/pgfplots/pgfplotscor
e.code.tex
\t@pgfplots@toka=\toks42
\t@pgfplots@tokb=\toks43
\t@pgfplots@tokc=\toks44
\pgfplots@tmpa=\dimen183
\c@pgfplots@coordindex=\count150
\c@pgfplots@scanlineindex=\count151

(d:/ASUS/Program Files/texlive/2018/texmf-dist/tex/generic/pgfplots/sys/pgfplot
ssysgeneric.code.tex))
(d:/ASUS/Program Files/texlive/2018/texmf-dist/tex/generic/pgfplots/libs/pgfplo
tslibrary.code.tex)
(d:/ASUS/Program Files/texlive/2018/texmf-dist/tex/generic/pgfplots/oldpgfcompa
tib/pgfplotsoldpgfsupp_loader.code.tex
(d:/ASUS/Program Files/texlive/2018/texmf-dist/tex/generic/pgf/libraries/pgflib
raryfpu.code.tex)
Package pgfplots: loading complementary arithmetics for your pgf version...

(d:/ASUS/Program Files/texlive/2018/texmf-dist/tex/generic/pgfplots/oldpgfcompa
tib/pgfplotsoldpgfsupp_pgflibraryfpu.code.tex)
(d:/ASUS/Program Files/texlive/2018/texmf-dist/tex/generic/pgfplots/oldpgfcompa
tib/pgfplotsoldpgfsupp_pgfmathfloat.code.tex
\c@pgfmathroundto@lastzeros=\count152
))
(d:/ASUS/Program Files/texlive/2018/texmf-dist/tex/generic/pgfplots/util/pgfplo
tsutil.code.tex
(d:/ASUS/Program Files/texlive/2018/texmf-dist/tex/generic/pgfplots/liststructu
re/pgfplotsliststructure.code.tex)
(d:/ASUS/Program Files/texlive/2018/texmf-dist/tex/generic/pgfplots/liststructu
re/pgfplotsliststructureext.code.tex)
(d:/ASUS/Program Files/texlive/2018/texmf-dist/tex/generic/pgfplots/liststructu
re/pgfplotsarray.code.tex
\c@pgfplotsarray@tmp=\count153
)
(d:/ASUS/Program Files/texlive/2018/texmf-dist/tex/generic/pgfplots/liststructu
re/pgfplotsmatrix.code.tex)
(d:/ASUS/Program Files/texlive/2018/texmf-dist/tex/generic/pgfplots/numtable/pg
fplotstableshared.code.tex
\c@pgfplotstable@counta=\count154
\t@pgfplotstable@a=\toks45
)
(d:/ASUS/Program Files/texlive/2018/texmf-dist/tex/generic/pgfplots/liststructu
re/pgfplotsdeque.code.tex)
(d:/ASUS/Program Files/texlive/2018/texmf-dist/tex/generic/pgfplots/util/pgfplo
tsbinary.code.tex
(d:/ASUS/Program Files/texlive/2018/texmf-dist/tex/generic/pgfplots/util/pgfplo
tsbinary.data.code.tex))
(d:/ASUS/Program Files/texlive/2018/texmf-dist/tex/generic/pgfplots/util/pgfplo
tsutil.verb.code.tex)
(d:/ASUS/Program Files/texlive/2018/texmf-dist/tex/generic/pgfplots/libs/pgflib
rarypgfplots.surfshading.code.tex
\c@pgfplotslibrarysurf@no=\count155

(d:/ASUS/Program Files/texlive/2018/texmf-dist/tex/generic/pgfplots/sys/pgflibr
arypgfplots.surfshading.pgfsys-dvips.def)))
(d:/ASUS/Program Files/texlive/2018/texmf-dist/tex/generic/pgfplots/util/pgfplo
tscolormap.code.tex
(d:/ASUS/Program Files/texlive/2018/texmf-dist/tex/generic/pgfplots/util/pgfplo
tscolor.code.tex))
(d:/ASUS/Program Files/texlive/2018/texmf-dist/tex/generic/pgfplots/pgfplotssta
ckedplots.code.tex)
(d:/ASUS/Program Files/texlive/2018/texmf-dist/tex/generic/pgfplots/pgfplotsplo
thandlers.code.tex
(d:/ASUS/Program Files/texlive/2018/texmf-dist/tex/generic/pgfplots/pgfplotsmes
hplothandler.code.tex
(d:/ASUS/Program Files/texlive/2018/texmf-dist/tex/generic/pgfplots/pgfplotsmes
hplotimage.code.tex)))
(d:/ASUS/Program Files/texlive/2018/texmf-dist/tex/generic/pgfplots/pgfplots.sc
aling.code.tex)
(d:/ASUS/Program Files/texlive/2018/texmf-dist/tex/generic/pgfplots/pgfplotscoo
rdprocessing.code.tex)
(d:/ASUS/Program Files/texlive/2018/texmf-dist/tex/generic/pgfplots/pgfplots.er
rorbars.code.tex)
(d:/ASUS/Program Files/texlive/2018/texmf-dist/tex/generic/pgfplots/pgfplots.ma
rkers.code.tex)
(d:/ASUS/Program Files/texlive/2018/texmf-dist/tex/generic/pgfplots/pgfplotstic
ks.code.tex)
(d:/ASUS/Program Files/texlive/2018/texmf-dist/tex/generic/pgfplots/pgfplots.pa
ths.code.tex)
(d:/ASUS/Program Files/texlive/2018/texmf-dist/tex/generic/pgf/frontendlayer/ti
kz/libraries/tikzlibrarydecorations.code.tex
(d:/ASUS/Program Files/texlive/2018/texmf-dist/tex/generic/pgf/modules/pgfmodul
edecorations.code.tex
\pgfdecoratedcompleteddistance=\dimen184
\pgfdecoratedremainingdistance=\dimen185
\pgfdecoratedinputsegmentcompleteddistance=\dimen186
\pgfdecoratedinputsegmentremainingdistance=\dimen187
\pgf@decorate@distancetomove=\dimen188
\pgf@decorate@repeatstate=\count156
\pgfdecorationsegmentamplitude=\dimen189
\pgfdecorationsegmentlength=\dimen190
)
\tikz@lib@dec@box=\box70
)
(d:/ASUS/Program Files/texlive/2018/texmf-dist/tex/generic/pgf/frontendlayer/ti
kz/libraries/tikzlibrarydecorations.pathmorphing.code.tex
(d:/ASUS/Program Files/texlive/2018/texmf-dist/tex/generic/pgf/libraries/decora
tions/pgflibrarydecorations.pathmorphing.code.tex))
(d:/ASUS/Program Files/texlive/2018/texmf-dist/tex/generic/pgf/frontendlayer/ti
kz/libraries/tikzlibrarydecorations.pathreplacing.code.tex
(d:/ASUS/Program Files/texlive/2018/texmf-dist/tex/generic/pgf/libraries/decora
tions/pgflibrarydecorations.pathreplacing.code.tex))
\pgfplots@numplots=\count157
\pgfplots@xmin@reg=\dimen191
\pgfplots@xmax@reg=\dimen192
\pgfplots@ymin@reg=\dimen193
\pgfplots@ymax@reg=\dimen194
\pgfplots@zmin@reg=\dimen195
\pgfplots@zmax@reg=\dimen196
)
(d:/ASUS/Program Files/texlive/2018/texmf-dist/tex/generic/pgf/frontendlayer/ti
kz/libraries/tikzlibraryplotmarks.code.tex
File: tikzlibraryplotmarks.code.tex 2019/02/02 v3.1.1 (3.1.1)

(d:/ASUS/Program Files/texlive/2018/texmf-dist/tex/generic/pgf/libraries/pgflib
raryplotmarks.code.tex
File: pgflibraryplotmarks.code.tex 2019/02/02 v3.1.1 (3.1.1)
)))
(d:/ASUS/Program Files/texlive/2018/texmf-dist/tex/latex/pgfplots/pgfplotstable
.sty
(d:/ASUS/Program Files/texlive/2018/texmf-dist/tex/generic/pgfplots/pgfplots.re
vision.tex)
Package: pgfplotstable 2018/03/28 v1.16 Table typesetting and Pretty-printing (
1.16)

(d:/ASUS/Program Files/texlive/2018/texmf-dist/tex/generic/pgfplots/numtable/pg
fplotstable.code.tex
(d:/ASUS/Program Files/texlive/2018/texmf-dist/tex/generic/pgfplots/numtable/pg
fplotstable.coltype.code.tex))
(d:/ASUS/Program Files/texlive/2018/texmf-dist/tex/latex/tools/array.sty
Package: array 2018/12/30 v2.4k Tabular extension package (FMi)
\col@sep=\dimen197
\ar@mcellbox=\box71
\extrarowheight=\dimen198
\NC@list=\toks46
\extratabsurround=\skip59
\backup@length=\skip60
\ar@cellbox=\box72
))
(d:/ASUS/Program Files/texlive/2018/texmf-dist/tex/latex/booktabs/booktabs.sty
Package: booktabs 2016/04/27 v1.618033 publication quality tables
\heavyrulewidth=\dimen199
\lightrulewidth=\dimen256
\cmidrulewidth=\dimen257
\belowrulesep=\dimen258
\belowbottomsep=\dimen259
\aboverulesep=\dimen260
\abovetopsep=\dimen261
\cmidrulesep=\dimen262
\cmidrulekern=\dimen263
\defaultaddspace=\dimen264
\@cmidla=\count158
\@cmidlb=\count159
\@aboverulesep=\dimen265
\@belowrulesep=\dimen266
\@thisruleclass=\count160
\@lastruleclass=\count161
\@thisrulewidth=\dimen267
) (d:/ASUS/Program Files/texlive/2018/texmf-dist/tex/latex/colortbl/colortbl.st
y
Package: colortbl 2018/12/12 v1.0d Color table columns (DPC)
\everycr=\toks47
\minrowclearance=\skip61
)
(d:/ASUS/Program Files/texlive/2018/texmf-dist/tex/generic/pgf/frontendlayer/ti
kz/libraries/tikzlibraryintersections.code.tex
(d:/ASUS/Program Files/texlive/2018/texmf-dist/tex/generic/pgf/libraries/pgflib
raryintersections.code.tex
\pgf@intersect@solutions=\count162
))
(d:/ASUS/Program Files/texlive/2018/texmf-dist/tex/latex/siunitx/siunitx.sty
(d:/ASUS/Program Files/texlive/2018/texmf-dist/tex/latex/l3kernel/expl3.sty
Package: expl3 2019-02-15 L3 programming layer (loader) 

(d:/ASUS/Program Files/texlive/2018/texmf-dist/tex/latex/l3kernel/expl3-code.te
x
Package: expl3 2019-02-15 L3 programming layer (code)
\c_max_int=\count163
\l_tmpa_int=\count164
\l_tmpb_int=\count165
\g_tmpa_int=\count166
\g_tmpb_int=\count167
\g__kernel_prg_map_int=\count168
\c_log_iow=\count169
\l_iow_line_count_int=\count170
\l__iow_line_target_int=\count171
\l__iow_one_indent_int=\count172
\l__iow_indent_int=\count173
\c_zero_dim=\dimen268
\c_max_dim=\dimen269
\l_tmpa_dim=\dimen270
\l_tmpb_dim=\dimen271
\g_tmpa_dim=\dimen272
\g_tmpb_dim=\dimen273
\c_zero_skip=\skip62
\c_max_skip=\skip63
\l_tmpa_skip=\skip64
\l_tmpb_skip=\skip65
\g_tmpa_skip=\skip66
\g_tmpb_skip=\skip67
\c_zero_muskip=\muskip12
\c_max_muskip=\muskip13
\l_tmpa_muskip=\muskip14
\l_tmpb_muskip=\muskip15
\g_tmpa_muskip=\muskip16
\g_tmpb_muskip=\muskip17
\l_keys_choice_int=\count174
\l__intarray_loop_int=\count175
\c__intarray_sp_dim=\dimen274
\g__intarray_font_int=\count176
\c__fp_leading_shift_int=\count177
\c__fp_middle_shift_int=\count178
\c__fp_trailing_shift_int=\count179
\c__fp_big_leading_shift_int=\count180
\c__fp_big_middle_shift_int=\count181
\c__fp_big_trailing_shift_int=\count182
\c__fp_Bigg_leading_shift_int=\count183
\c__fp_Bigg_middle_shift_int=\count184
\c__fp_Bigg_trailing_shift_int=\count185
\c__kernel_randint_max_int=\count186
\g__fp_array_int=\count187
\l__fp_array_loop_int=\count188
\l__sort_length_int=\count189
\l__sort_min_int=\count190
\l__sort_top_int=\count191
\l__sort_max_int=\count192
\l__sort_true_max_int=\count193
\l__sort_block_int=\count194
\l__sort_begin_int=\count195
\l__sort_end_int=\count196
\l__sort_A_int=\count197
\l__sort_B_int=\count198
\l__sort_C_int=\count199
\l__tl_analysis_normal_int=\count266
\l__tl_analysis_index_int=\count267
\l__tl_analysis_nesting_int=\count268
\l__tl_analysis_type_int=\count269
\l__regex_internal_a_int=\count270
\l__regex_internal_b_int=\count271
\l__regex_internal_c_int=\count272
\l__regex_balance_int=\count273
\l__regex_group_level_int=\count274
\l__regex_mode_int=\count275
\c__regex_cs_in_class_mode_int=\count276
\c__regex_cs_mode_int=\count277
\l__regex_catcodes_int=\count278
\l__regex_default_catcodes_int=\count279
\c__regex_catcode_D_int=\count280
\c__regex_catcode_S_int=\count281
\c__regex_catcode_L_int=\count282
\c__regex_catcode_O_int=\count283
\c__regex_catcode_A_int=\count284
\c__regex_all_catcodes_int=\count285
\l__regex_show_lines_int=\count286
\l__regex_min_state_int=\count287
\l__regex_max_state_int=\count288
\l__regex_left_state_int=\count289
\l__regex_right_state_int=\count290
\l__regex_capturing_group_int=\count291
\l__regex_min_pos_int=\count292
\l__regex_max_pos_int=\count293
\l__regex_curr_pos_int=\count294
\l__regex_start_pos_int=\count295
\l__regex_success_pos_int=\count296
\l__regex_curr_char_int=\count297
\l__regex_curr_catcode_int=\count298
\l__regex_last_char_int=\count299
\l__regex_case_changed_char_int=\count300
\l__regex_curr_state_int=\count301
\l__regex_step_int=\count302
\l__regex_min_active_int=\count303
\l__regex_max_active_int=\count304
\l__regex_replacement_csnames_int=\count305
\l__regex_match_count_int=\count306
\l__regex_min_submatch_int=\count307
\l__regex_submatch_int=\count308
\l__regex_zeroth_submatch_int=\count309
\g__regex_trace_regex_int=\count310
\c_empty_box=\box73
\l_tmpa_box=\box74
\l_tmpb_box=\box75
\g_tmpa_box=\box76
\g_tmpb_box=\box77
\l__box_top_dim=\dimen275
\l__box_bottom_dim=\dimen276
\l__box_left_dim=\dimen277
\l__box_right_dim=\dimen278
\l__box_top_new_dim=\dimen279
\l__box_bottom_new_dim=\dimen280
\l__box_left_new_dim=\dimen281
\l__box_right_new_dim=\dimen282
\l__box_internal_box=\box78
\l__coffin_internal_box=\box79
\l__coffin_internal_dim=\dimen283
\l__coffin_offset_x_dim=\dimen284
\l__coffin_offset_y_dim=\dimen285
\l__coffin_x_dim=\dimen286
\l__coffin_y_dim=\dimen287
\l__coffin_x_prime_dim=\dimen288
\l__coffin_y_prime_dim=\dimen289
\c_empty_coffin=\box80
\l__coffin_aligned_coffin=\box81
\l__coffin_aligned_internal_coffin=\box82
\l_tmpa_coffin=\box83
\l_tmpb_coffin=\box84
\g_tmpa_coffin=\box85
\g_tmpb_coffin=\box86
\c__coffin_empty_coffin=\box87
\l__coffin_display_coffin=\box88
\l__coffin_display_coord_coffin=\box89
\l__coffin_display_pole_coffin=\box90
\l__coffin_display_offset_dim=\dimen290
\l__coffin_display_x_dim=\dimen291
\l__coffin_display_y_dim=\dimen292
\g__file_internal_ior=\read2
\l__coffin_bounding_shift_dim=\dimen293
\l__coffin_left_corner_dim=\dimen294
\l__coffin_right_corner_dim=\dimen295
\l__coffin_bottom_corner_dim=\dimen296
\l__coffin_top_corner_dim=\dimen297
\l__coffin_scaled_total_height_dim=\dimen298
\l__coffin_scaled_width_dim=\dimen299
\l__seq_internal_a_int=\count311
\l__seq_internal_b_int=\count312
)
(d:/ASUS/Program Files/texlive/2018/texmf-dist/tex/latex/l3kernel/l3dvips.def
File: l3dvips.def 2019-02-15 v L3 Experimental driver: dvips
\g__driver_pdf_object_int=\count313
))
(d:/ASUS/Program Files/texlive/2018/texmf-dist/tex/latex/l3packages/xparse/xpar
se.sty
Package: xparse 2018-10-17 L3 Experimental document command parser
\l__xparse_current_arg_int=\count314
\g__xparse_grabber_int=\count315
\l__xparse_m_args_int=\count316
\l__xparse_mandatory_args_int=\count317
\l__xparse_v_nesting_int=\count318
)
Package: siunitx 2018/05/17 v2.7s A comprehensive (SI) units package

(d:/ASUS/Program Files/texlive/2018/texmf-dist/tex/latex/l3packages/l3keys2e/l3
keys2e.sty
Package: l3keys2e 2018-10-17 LaTeX2e option processing using LaTeX3 keys
)
\l__siunitx_tmp_box=\box91
\l__siunitx_tmp_dim=\dimen300
\l__siunitx_tmp_int=\count319
\l__siunitx_number_mantissa_length_int=\count320
\l__siunitx_number_uncert_length_int=\count321
\l__siunitx_round_int=\count322
\l__siunitx_process_decimal_int=\count323
\l__siunitx_process_uncertainty_int=\count324
\l__siunitx_process_fixed_int=\count325
\l__siunitx_process_integer_min_int=\count326
\l__siunitx_process_precision_int=\count327
\l__siunitx_group_min_int=\count328
\l__siunitx_angle_marker_box=\box92
\l__siunitx_angle_unit_box=\box93
\l__siunitx_angle_marker_dim=\dimen301
\l__siunitx_angle_unit_dim=\dimen302
\l__siunitx_unit_int=\count329
\l__siunitx_unit_denominator_int=\count330
\l__siunitx_unit_numerator_int=\count331
\l__siunitx_unit_prefix_int=\count332
\l__siunitx_unit_prefix_base_int=\count333
\l__siunitx_unit_prefix_gram_int=\count334
\l__siunitx_number_product_int=\count335
\c__siunitx_one_fill_skip=\skip68
\l__siunitx_table_unit_align_skip=\skip69
\l__siunitx_table_exponent_dim=\dimen303
\l__siunitx_table_integer_dim=\dimen304
\l__siunitx_table_mantissa_dim=\dimen305
\l__siunitx_table_marker_dim=\dimen306
\l__siunitx_table_result_dim=\dimen307
\l__siunitx_table_uncert_dim=\dimen308
\l__siunitx_table_fill_pre_dim=\dimen309
\l__siunitx_table_fill_post_dim=\dimen310
\l__siunitx_table_fill_mid_dim=\dimen311
\l__siunitx_table_pre_box=\box94
\l__siunitx_table_post_box=\box95
\l__siunitx_table_mantissa_box=\box96
\l__siunitx_table_result_box=\box97
\l__siunitx_table_number_align_skip=\skip70
\l__siunitx_table_text_align_skip=\skip71

(d:/ASUS/Program Files/texlive/2018/texmf-dist/tex/latex/translator/translator.
sty
Package: translator 2018/01/04 v1.12 Easy translation of strings in LaTeX
))
(d:/ASUS/Program Files/texlive/2018/texmf-dist/tex/latex/caption/caption.sty
Package: caption 2018/10/06 v3.3-154 Customizing captions (AR)

(d:/ASUS/Program Files/texlive/2018/texmf-dist/tex/latex/caption/caption3.sty
Package: caption3 2018/09/12 v1.8c caption3 kernel (AR)
Package caption3 Info: TeX engine: e-TeX on input line 64.
\captionmargin=\dimen312
\captionmargin@=\dimen313
\captionwidth=\dimen314
\caption@tempdima=\dimen315
\caption@indent=\dimen316
\caption@parindent=\dimen317
\caption@hangindent=\dimen318
)
\c@caption@flags=\count336
\c@ContinuedFloat=\count337
Package caption Info: float package is loaded.
Package caption Info: hyperref package is loaded.
)
(d:/ASUS/Program Files/texlive/2018/texmf-dist/tex/latex/threeparttable/threepa
rttable.sty
Package: threeparttable 2003/06/13  v 3.0
\@tempboxb=\box98
)
(d:/ASUS/Program Files/texlive/2018/texmf-dist/tex/latex/adjustbox/adjustbox.st
y
Package: adjustbox 2019/01/04 v1.2 Adjusting TeX boxes (trim, clip, ...)
 (d:/ASUS/Program Files/texlive/2018/texmf-dist/tex/latex/xkeyval/xkeyval.sty
Package: xkeyval 2014/12/03 v2.7a package option processing (HA)

(d:/ASUS/Program Files/texlive/2018/texmf-dist/tex/generic/xkeyval/xkeyval.tex
(d:/ASUS/Program Files/texlive/2018/texmf-dist/tex/generic/xkeyval/xkvutils.tex
\XKV@toks=\toks48
\XKV@tempa@toks=\toks49
)
\XKV@depth=\count338
File: xkeyval.tex 2014/12/03 v2.7a key=value parser (HA)
))
(d:/ASUS/Program Files/texlive/2018/texmf-dist/tex/latex/adjustbox/adjcalc.sty
Package: adjcalc 2012/05/16 v1.1 Provides advanced setlength with multiple back
-ends (calc, etex, pgfmath)
)
(d:/ASUS/Program Files/texlive/2018/texmf-dist/tex/latex/adjustbox/trimclip.sty
Package: trimclip 2018/04/08 v1.1 Trim and clip general TeX material

(d:/ASUS/Program Files/texlive/2018/texmf-dist/tex/latex/collectbox/collectbox.
sty
Package: collectbox 2012/05/17 v0.4b Collect macro arguments as boxes
\collectedbox=\box99
)
\tc@llx=\dimen319
\tc@lly=\dimen320
\tc@urx=\dimen321
\tc@ury=\dimen322
Package trimclip Info: Using driver 'tc-dvips.def'.

(d:/ASUS/Program Files/texlive/2018/texmf-dist/tex/latex/adjustbox/tc-dvips.def
File: tc-dvips.def 2019/01/04 v2.2 Clipping driver for dvips
))
\adjbox@Width=\dimen323
\adjbox@Height=\dimen324
\adjbox@Depth=\dimen325
\adjbox@Totalheight=\dimen326
\adjbox@pwidth=\dimen327
\adjbox@pheight=\dimen328
\adjbox@pdepth=\dimen329
\adjbox@ptotalheight=\dimen330

(d:/ASUS/Program Files/texlive/2018/texmf-dist/tex/latex/ifoddpage/ifoddpage.st
y
Package: ifoddpage 2016/04/23 v1.1 Conditionals for odd/even page detection
\c@checkoddpage=\count339
)
(d:/ASUS/Program Files/texlive/2018/texmf-dist/tex/latex/varwidth/varwidth.sty
Package: varwidth 2009/03/30 ver 0.92;  Variable-width minipages
\@vwid@box=\box100
\sift@deathcycles=\count340
\@vwid@loff=\dimen331
\@vwid@roff=\dimen332
)) (./TPN4-PLL.aux
LaTeX Info: Redefining \. on input line 24.
LaTeX Info: Redefining \% on input line 24.
)
\openout1 = `TPN4-PLL.aux'.

LaTeX Font Info:    Checking defaults for OML/cmm/m/it on input line 55.
LaTeX Font Info:    ... okay on input line 55.
LaTeX Font Info:    Checking defaults for T1/cmr/m/n on input line 55.
LaTeX Font Info:    ... okay on input line 55.
LaTeX Font Info:    Checking defaults for OT1/cmr/m/n on input line 55.
LaTeX Font Info:    ... okay on input line 55.
LaTeX Font Info:    Checking defaults for OMS/cmsy/m/n on input line 55.
LaTeX Font Info:    ... okay on input line 55.
LaTeX Font Info:    Checking defaults for OMX/cmex/m/n on input line 55.
LaTeX Font Info:    ... okay on input line 55.
LaTeX Font Info:    Checking defaults for U/cmr/m/n on input line 55.
LaTeX Font Info:    ... okay on input line 55.
LaTeX Font Info:    Checking defaults for PD1/pdf/m/n on input line 55.
LaTeX Font Info:    ... okay on input line 55.
LaTeX Font Info:    Checking defaults for TS1/cmr/m/n on input line 55.
LaTeX Font Info:    Try loading font information for TS1+cmr on input line 55.

(d:/ASUS/Program Files/texlive/2018/texmf-dist/tex/latex/base/ts1cmr.fd
File: ts1cmr.fd 2014/09/29 v2.5h Standard LaTeX font definitions
)
LaTeX Font Info:    ... okay on input line 55.
LaTeX Info: Redefining \. on input line 55.
LaTeX Info: Redefining \% on input line 55.

*geometry* driver: auto-detecting
*geometry* detected driver: dvips
*geometry* verbose mode - [ preamble ] result:
* driver: dvips
* paper: a4paper
* layout: <same size as paper>
* layoutoffset:(h,v)=(0.0pt,0.0pt)
* modes: 
* h-part:(L,W,R)=(28.45274pt, 540.60239pt, 28.45274pt)
* v-part:(T,H,B)=(42.67912pt, 759.6886pt, 42.67912pt)
* \paperwidth=597.50787pt
* \paperheight=845.04684pt
* \textwidth=540.60239pt
* \textheight=759.6886pt
* \oddsidemargin=-43.81725pt
* \evensidemargin=-43.81725pt
* \topmargin=-66.59087pt
* \headheight=12.0pt
* \headsep=25.0pt
* \topskip=10.0pt
* \footskip=30.0pt
* \marginparwidth=4.0pt
* \marginparsep=10.0pt
* \columnsep=10.0pt
* \skip\footins=9.0pt plus 4.0pt minus 2.0pt
* \hoffset=0.0pt
* \voffset=0.0pt
* \mag=1000
* \@twocolumntrue
* \@twosidefalse
* \@mparswitchfalse
* \@reversemarginfalse
* (1in=72.27pt=25.4mm, 1cm=28.453pt)

\AtBeginShipoutBox=\box101
Package hyperref Info: Link coloring OFF on input line 55.
(d:/ASUS/Program Files/texlive/2018/texmf-dist/tex/latex/hyperref/nameref.sty
Package: nameref 2016/05/21 v2.44 Cross-referencing by name of section

(d:/ASUS/Program Files/texlive/2018/texmf-dist/tex/generic/oberdiek/gettitlestr
ing.sty
Package: gettitlestring 2016/05/16 v1.5 Cleanup title references (HO)
)
\c@section@level=\count341
)
LaTeX Info: Redefining \ref on input line 55.
LaTeX Info: Redefining \pageref on input line 55.
LaTeX Info: Redefining \nameref on input line 55.
 (./TPN4-PLL.out) (./TPN4-PLL.out)
\@outlinefile=\write4
\openout4 = `TPN4-PLL.out'.



Package hyperref Warning: Rerun to get /PageLabels entry.

ABD: EveryShipout initializing macros
Package pgfplots notification 'compat/show suggested version=true': you might b
enefit from \pgfplotsset{compat=1.16} (current compat level: 1.12).


(d:/ASUS/Program Files/texlive/2018/texmf-dist/tex/latex/translator/translator-
basic-dictionary-English.dict
Dictionary: translator-basic-dictionary, Language: English 
)
(d:/ASUS/Program Files/texlive/2018/texmf-dist/tex/latex/siunitx/siunitx-abbrev
iations.cfg
File: siunitx-abbreviations.cfg 2017/11/26 v2.7k siunitx: Abbreviated units
)
Package caption Info: Begin \AtBeginDocument code.
Package caption Info: threeparttable package is loaded.
Package caption Info: End \AtBeginDocument code.
LaTeX Font Info:    Try loading font information for U+msa on input line 55.

(d:/ASUS/Program Files/texlive/2018/texmf-dist/tex/latex/amsfonts/umsa.fd
File: umsa.fd 2013/01/14 v3.01 AMS symbols A
)
LaTeX Font Info:    Try loading font information for U+msb on input line 55.

(d:/ASUS/Program Files/texlive/2018/texmf-dist/tex/latex/amsfonts/umsb.fd
File: umsb.fd 2013/01/14 v3.01 AMS symbols B
)

! LaTeX Error: Cannot determine size of graphic in imagenes/LOGO.jpg (no Boundi
ngBox).

See the LaTeX manual or LaTeX Companion for explanation.
Type  H <return>  for immediate help.
 ...                                              
                                                  
l.58 ...udegraphics[scale=0.80]{imagenes/LOGO.jpg}
                                                   \par
Try typing  <return>  to proceed.
If that doesn't work, type  X <return>  to quit.

File: imagenes/LOGO.jpg Graphic file (type eps)
<imagenes/LOGO.jpg> [1


] (./TPN4-PLL.toc
LaTeX Info: Redefining \. on input line 1.
LaTeX Info: Redefining \% on input line 1.
)
\tf@toc=\write5
\openout5 = `TPN4-PLL.toc'.

 [1


]

! LaTeX Error: Cannot determine size of graphic in imagenes/fig1.jpg (no Boundi
ngBox).

See the LaTeX manual or LaTeX Companion for explanation.
Type  H <return>  for immediate help.
 ...                                              
                                                  
l.127 ...cs[width=\columnwidth]{imagenes/fig1.jpg}
                                                  
Try typing  <return>  to proceed.
If that doesn't work, type  X <return>  to quit.

File: imagenes/fig1.jpg Graphic file (type eps)
<imagenes/fig1.jpg>
Underfull \vbox (badness 10000) has occurred while \output is active []

 [2


]

! LaTeX Error: Cannot determine size of graphic in imagenes/fig0.jpg (no Boundi
ngBox).

See the LaTeX manual or LaTeX Companion for explanation.
Type  H <return>  for immediate help.
 ...                                              
                                                  
l.174 ...cs[width=\columnwidth]{imagenes/fig0.jpg}
                                                  
Try typing  <return>  to proceed.
If that doesn't work, type  X <return>  to quit.

File: imagenes/fig0.jpg Graphic file (type eps)
<imagenes/fig0.jpg>
Underfull \vbox (badness 10000) has occurred while \output is active []



Package hyperref Warning: Token not allowed in a PDF string (PDFDocEncoding):
(hyperref)                removing `math shift' on input line 180.


Package hyperref Warning: Token not allowed in a PDF string (PDFDocEncoding):
(hyperref)                removing `math shift' on input line 180.


! LaTeX Error: Cannot determine size of graphic in imagenes/sch.jpg (no Boundin
gBox).

See the LaTeX manual or LaTeX Companion for explanation.
Type  H <return>  for immediate help.
 ...                                              
                                                  
l.192 ...ics[width=\columnwidth]{imagenes/sch.jpg}
                                                  
Try typing  <return>  to proceed.
If that doesn't work, type  X <return>  to quit.

File: imagenes/sch.jpg Graphic file (type eps)
<imagenes/sch.jpg>
Underfull \vbox (badness 10000) has occurred while \output is active []

 [3]

! LaTeX Error: Cannot determine size of graphic in imagenes/pcb1.jpg (no Boundi
ngBox).

See the LaTeX manual or LaTeX Companion for explanation.
Type  H <return>  for immediate help.
 ...                                              
                                                  
l.198 ...cs[width=\columnwidth]{imagenes/pcb1.jpg}
                                                  
Try typing  <return>  to proceed.
If that doesn't work, type  X <return>  to quit.

File: imagenes/pcb1.jpg Graphic file (type eps)
<imagenes/pcb1.jpg>

! LaTeX Error: Cannot determine size of graphic in imagenes/fig3.jpg (no Boundi
ngBox).

See the LaTeX manual or LaTeX Companion for explanation.
Type  H <return>  for immediate help.
 ...                                              
                                                  
l.207 ...cs[width=\columnwidth]{imagenes/fig3.jpg}
                                                  
Try typing  <return>  to proceed.
If that doesn't work, type  X <return>  to quit.

File: imagenes/fig3.jpg Graphic file (type eps)
<imagenes/fig3.jpg>

! LaTeX Error: Cannot determine size of graphic in imagenes/fig4.jpg (no Boundi
ngBox).

See the LaTeX manual or LaTeX Companion for explanation.
Type  H <return>  for immediate help.
 ...                                              
                                                  
l.213 ...cs[width=\columnwidth]{imagenes/fig4.jpg}
                                                  
Try typing  <return>  to proceed.
If that doesn't work, type  X <return>  to quit.

File: imagenes/fig4.jpg Graphic file (type eps)
<imagenes/fig4.jpg> [4]

! LaTeX Error: Cannot determine size of graphic in imagenes/fig5.jpg (no Boundi
ngBox).

See the LaTeX manual or LaTeX Companion for explanation.
Type  H <return>  for immediate help.
 ...                                              
                                                  
l.238 ...cs[width=\columnwidth]{imagenes/fig5.jpg}
                                                  
Try typing  <return>  to proceed.
If that doesn't work, type  X <return>  to quit.

File: imagenes/fig5.jpg Graphic file (type eps)
<imagenes/fig5.jpg>

! LaTeX Error: Cannot determine size of graphic in imagenes/fig6.jpg (no Boundi
ngBox).

See the LaTeX manual or LaTeX Companion for explanation.
Type  H <return>  for immediate help.
 ...                                              
                                                  
l.269 ...cs[width=\columnwidth]{imagenes/fig6.jpg}
                                                  
Try typing  <return>  to proceed.
If that doesn't work, type  X <return>  to quit.

File: imagenes/fig6.jpg Graphic file (type eps)
<imagenes/fig6.jpg> [5]

! LaTeX Error: Cannot determine size of graphic in imagenes/osc1.jpg (no Boundi
ngBox).

See the LaTeX manual or LaTeX Companion for explanation.
Type  H <return>  for immediate help.
 ...                                              
                                                  
l.306 ...cs[width=\columnwidth]{imagenes/osc1.jpg}
                                                  
Try typing  <return>  to proceed.
If that doesn't work, type  X <return>  to quit.

File: imagenes/osc1.jpg Graphic file (type eps)
<imagenes/osc1.jpg>

! Package enumitem Error: * undefined.

See the enumitem package documentation for explanation.
Type  H <return>  for immediate help.
 ...                                              
                                                  
l.310 \begin{itemize}[*]
                        
Try typing  <return>  to proceed.
If that doesn't work, type  X <return>  to quit.


! LaTeX Error: Cannot determine size of graphic in imagenes/osc2.jpg (no Boundi
ngBox).

See the LaTeX manual or LaTeX Companion for explanation.
Type  H <return>  for immediate help.
 ...                                              
                                                  
l.322 ...cs[width=\columnwidth]{imagenes/osc2.jpg}
                                                  
Try typing  <return>  to proceed.
If that doesn't work, type  X <return>  to quit.

File: imagenes/osc2.jpg Graphic file (type eps)
<imagenes/osc2.jpg>
Underfull \vbox (badness 10000) has occurred while \output is active []



! LaTeX Error: Cannot determine size of graphic in imagenes/Ymax.jpg (no Boundi
ngBox).

See the LaTeX manual or LaTeX Companion for explanation.
Type  H <return>  for immediate help.
 ...                                              
                                                  
l.342 ...cs[width=\columnwidth]{imagenes/Ymax.jpg}
                                                  
Try typing  <return>  to proceed.
If that doesn't work, type  X <return>  to quit.

File: imagenes/Ymax.jpg Graphic file (type eps)
<imagenes/Ymax.jpg>
Underfull \vbox (badness 10000) has occurred while \output is active []

 [6]

! LaTeX Error: Cannot determine size of graphic in imagenes/Yinf.jpg (no Boundi
ngBox).

See the LaTeX manual or LaTeX Companion for explanation.
Type  H <return>  for immediate help.
 ...                                              
                                                  
l.348 ...cs[width=\columnwidth]{imagenes/Yinf.jpg}
                                                  
Try typing  <return>  to proceed.
If that doesn't work, type  X <return>  to quit.

File: imagenes/Yinf.jpg Graphic file (type eps)
<imagenes/Yinf.jpg>

! LaTeX Error: Cannot determine size of graphic in imagenes/tp.jpg (no Bounding
Box).

See the LaTeX manual or LaTeX Companion for explanation.
Type  H <return>  for immediate help.
 ...                                              
                                                  
l.354 ...hics[width=\columnwidth]{imagenes/tp.jpg}
                                                  
Try typing  <return>  to proceed.
If that doesn't work, type  X <return>  to quit.

File: imagenes/tp.jpg Graphic file (type eps)
<imagenes/tp.jpg>

LaTeX Warning: `h' float specifier changed to `ht'.

[7]
Package atveryend Info: Empty hook `BeforeClearDocument' on input line 421.
 [8

]
Package atveryend Info: Empty hook `AfterLastShipout' on input line 421.
 (./TPN4-PLL.aux
LaTeX Info: Redefining \. on input line 24.
LaTeX Info: Redefining \% on input line 24.
)
Package atveryend Info: Empty hook `AtVeryEndDocument' on input line 421.
Package atveryend Info: Executing hook `AtEndAfterFileList' on input line 421.
Package rerunfilecheck Info: File `TPN4-PLL.out' has not changed.
(rerunfilecheck)             Checksum: 3B0FAE69FF5F63AE82C987248223B69A;993.


LaTeX Warning: Label(s) may have changed. Rerun to get cross-references right.

Package atveryend Info: Empty hook `AtVeryVeryEnd' on input line 421.
 ) 
Here is how much of TeX's memory you used:
 42212 strings out of 492617
 977356 string characters out of 6123723
 1141067 words of memory out of 5000000
 45560 multiletter control sequences out of 15000+600000
 540630 words of font info for 56 fonts, out of 8000000 for 9000
 1141 hyphenation exceptions out of 8191
 62i,13n,96p,1770b,879s stack positions out of 5000i,500n,10000p,200000b,80000s

Output written on TPN4-PLL.dvi (9 pages, 57140 bytes).
