\BOOKMARK [1][-]{section.1}{Introducci\363n}{}% 1
\BOOKMARK [1][-]{section.2}{Definici\363n de par\341metros}{}% 2
\BOOKMARK [2][-]{subsection.2.1}{P\351rdida por conversi\363n [CL]}{section.2}% 3
\BOOKMARK [2][-]{subsection.2.2}{Aislamiento [ISO]}{section.2}% 4
\BOOKMARK [2][-]{subsection.2.3}{P\351rdidas por Compresi\363n [CP]}{section.2}% 5
\BOOKMARK [2][-]{subsection.2.4}{Figura de Ruido - Rango Din\341mico}{section.2}% 6
\BOOKMARK [2][-]{subsection.2.5}{Tipos de mezcladores}{section.2}% 7
\BOOKMARK [1][-]{section.3}{Experiencia pr\341ctica}{}% 8
\BOOKMARK [2][-]{subsection.3.1}{Mezclador de terminaci\363n \372nica}{section.3}% 9
\BOOKMARK [3][-]{subsubsection.3.1.1}{Circuito}{subsection.3.1}% 10
\BOOKMARK [3][-]{subsubsection.3.1.2}{Perdida por conversi\363n}{subsection.3.1}% 11
\BOOKMARK [3][-]{subsubsection.3.1.3}{Figura de ruido}{subsection.3.1}% 12
\BOOKMARK [3][-]{subsubsection.3.1.4}{Aislaci\363n entre puertos}{subsection.3.1}% 13
\BOOKMARK [3][-]{subsubsection.3.1.5}{P\351rdida por compresi\363n}{subsection.3.1}% 14
\BOOKMARK [2][-]{subsection.3.2}{Mezcladores de balanceo simple}{section.3}% 15
\BOOKMARK [3][-]{subsubsection.3.2.1}{Circuito}{subsection.3.2}% 16
\BOOKMARK [3][-]{subsubsection.3.2.2}{Perdida por conversi\363n}{subsection.3.2}% 17
\BOOKMARK [3][-]{subsubsection.3.2.3}{Figura de ruido}{subsection.3.2}% 18
\BOOKMARK [3][-]{subsubsection.3.2.4}{Aislaci\363n entre puertos}{subsection.3.2}% 19
\BOOKMARK [3][-]{subsubsection.3.2.5}{P\351rdida por compresi\363n}{subsection.3.2}% 20
\BOOKMARK [2][-]{subsection.3.3}{Mezcladores de balanceo doble}{section.3}% 21
\BOOKMARK [3][-]{subsubsection.3.3.1}{Circuito}{subsection.3.3}% 22
\BOOKMARK [3][-]{subsubsection.3.3.2}{Perdida por conversi\363n}{subsection.3.3}% 23
\BOOKMARK [3][-]{subsubsection.3.3.3}{Figura de ruido}{subsection.3.3}% 24
\BOOKMARK [3][-]{subsubsection.3.3.4}{Aislaci\363n entre puertos}{subsection.3.3}% 25
\BOOKMARK [3][-]{subsubsection.3.3.5}{P\351rdida por compresi\363n}{subsection.3.3}% 26
\BOOKMARK [1][-]{section.4}{Conclusi\363n}{}% 27
\BOOKMARK [2][-]{subsection.4.1}{Perdida por conversi\363n}{section.4}% 28
\BOOKMARK [2][-]{subsection.4.2}{Perdida por compresi\363n y rango din\341mico}{section.4}% 29
\BOOKMARK [2][-]{subsection.4.3}{Aislamiento entre puertos}{section.4}% 30
\BOOKMARK [2][-]{subsection.4.4}{Frecuencia imagen}{section.4}% 31
