This is pdfTeX, Version 3.14159265-2.6-1.40.20 (TeX Live 2019/Arch Linux) (preloaded format=pdflatex 2019.9.8)  13 NOV 2019 02:18
entering extended mode
 restricted \write18 enabled.
 file:line:error style messages enabled.
 %&-line parsing enabled.
**paper.tex
(./paper.tex
LaTeX2e <2018-12-01>
(/usr/share/texmf-dist/tex/latex/IEEEtran/IEEEtran.cls
Document Class: IEEEtran 2015/08/26 V1.8b by Michael Shell
-- See the "IEEEtran_HOWTO" manual for usage information.
-- http://www.michaelshell.org/tex/ieeetran/
\@IEEEtrantmpdimenA=\dimen102
\@IEEEtrantmpdimenB=\dimen103
\@IEEEtrantmpdimenC=\dimen104
\@IEEEtrantmpcountA=\count80
\@IEEEtrantmpcountB=\count81
\@IEEEtrantmpcountC=\count82
\@IEEEtrantmptoksA=\toks14
LaTeX Font Info:    Try loading font information for OT1+ptm on input line 503.
(/usr/share/texmf-dist/tex/latex/psnfss/ot1ptm.fd
File: ot1ptm.fd 2001/06/04 font definitions for OT1/ptm.
)
-- Using 8.5in x 11in (letter) paper.
-- Using PDF output.
\@IEEEnormalsizeunitybaselineskip=\dimen105
-- This is a 10 point document.
\CLASSINFOnormalsizebaselineskip=\dimen106
\CLASSINFOnormalsizeunitybaselineskip=\dimen107
\IEEEnormaljot=\dimen108
LaTeX Font Info:    Font shape `OT1/ptm/bx/n' in size <5> not available
(Font)              Font shape `OT1/ptm/b/n' tried instead on input line 1090.
LaTeX Font Info:    Font shape `OT1/ptm/bx/it' in size <5> not available
(Font)              Font shape `OT1/ptm/b/it' tried instead on input line 1090.
LaTeX Font Info:    Font shape `OT1/ptm/bx/n' in size <7> not available
(Font)              Font shape `OT1/ptm/b/n' tried instead on input line 1090.
LaTeX Font Info:    Font shape `OT1/ptm/bx/it' in size <7> not available
(Font)              Font shape `OT1/ptm/b/it' tried instead on input line 1090.
LaTeX Font Info:    Font shape `OT1/ptm/bx/n' in size <8> not available
(Font)              Font shape `OT1/ptm/b/n' tried instead on input line 1090.
LaTeX Font Info:    Font shape `OT1/ptm/bx/it' in size <8> not available
(Font)              Font shape `OT1/ptm/b/it' tried instead on input line 1090.
LaTeX Font Info:    Font shape `OT1/ptm/bx/n' in size <9> not available
(Font)              Font shape `OT1/ptm/b/n' tried instead on input line 1090.
LaTeX Font Info:    Font shape `OT1/ptm/bx/it' in size <9> not available
(Font)              Font shape `OT1/ptm/b/it' tried instead on input line 1090.
LaTeX Font Info:    Font shape `OT1/ptm/bx/n' in size <10> not available
(Font)              Font shape `OT1/ptm/b/n' tried instead on input line 1090.
LaTeX Font Info:    Font shape `OT1/ptm/bx/it' in size <10> not available
(Font)              Font shape `OT1/ptm/b/it' tried instead on input line 1090.
LaTeX Font Info:    Font shape `OT1/ptm/bx/n' in size <11> not available
(Font)              Font shape `OT1/ptm/b/n' tried instead on input line 1090.
LaTeX Font Info:    Font shape `OT1/ptm/bx/it' in size <11> not available
(Font)              Font shape `OT1/ptm/b/it' tried instead on input line 1090.
LaTeX Font Info:    Font shape `OT1/ptm/bx/n' in size <12> not available
(Font)              Font shape `OT1/ptm/b/n' tried instead on input line 1090.
LaTeX Font Info:    Font shape `OT1/ptm/bx/it' in size <12> not available
(Font)              Font shape `OT1/ptm/b/it' tried instead on input line 1090.
LaTeX Font Info:    Font shape `OT1/ptm/bx/n' in size <17> not available
(Font)              Font shape `OT1/ptm/b/n' tried instead on input line 1090.
LaTeX Font Info:    Font shape `OT1/ptm/bx/it' in size <17> not available
(Font)              Font shape `OT1/ptm/b/it' tried instead on input line 1090.
LaTeX Font Info:    Font shape `OT1/ptm/bx/n' in size <20> not available
(Font)              Font shape `OT1/ptm/b/n' tried instead on input line 1090.
LaTeX Font Info:    Font shape `OT1/ptm/bx/it' in size <20> not available
(Font)              Font shape `OT1/ptm/b/it' tried instead on input line 1090.
LaTeX Font Info:    Font shape `OT1/ptm/bx/n' in size <24> not available
(Font)              Font shape `OT1/ptm/b/n' tried instead on input line 1090.
LaTeX Font Info:    Font shape `OT1/ptm/bx/it' in size <24> not available
(Font)              Font shape `OT1/ptm/b/it' tried instead on input line 1090.
\IEEEquantizedlength=\dimen109
\IEEEquantizedlengthdiff=\dimen110
\IEEEquantizedtextheightdiff=\dimen111
\IEEEilabelindentA=\dimen112
\IEEEilabelindentB=\dimen113
\IEEEilabelindent=\dimen114
\IEEEelabelindent=\dimen115
\IEEEdlabelindent=\dimen116
\IEEElabelindent=\dimen117
\IEEEiednormlabelsep=\dimen118
\IEEEiedmathlabelsep=\dimen119
\IEEEiedtopsep=\skip41
\c@section=\count83
\c@subsection=\count84
\c@subsubsection=\count85
\c@paragraph=\count86
\c@IEEEsubequation=\count87
\abovecaptionskip=\skip42
\belowcaptionskip=\skip43
\c@figure=\count88
\c@table=\count89
\@IEEEeqnnumcols=\count90
\@IEEEeqncolcnt=\count91
\@IEEEsubeqnnumrollback=\count92
\@IEEEquantizeheightA=\dimen120
\@IEEEquantizeheightB=\dimen121
\@IEEEquantizeheightC=\dimen122
\@IEEEquantizeprevdepth=\dimen123
\@IEEEquantizemultiple=\count93
\@IEEEquantizeboxA=\box27
\@IEEEtmpitemindent=\dimen124
\IEEEPARstartletwidth=\dimen125
\c@IEEEbiography=\count94
\@IEEEtranrubishbin=\box28
) (/usr/share/texmf-dist/tex/latex/base/inputenc.sty
Package: inputenc 2018/08/11 v1.3c Input encoding file
\inpenc@prehook=\toks15
\inpenc@posthook=\toks16
) (/usr/share/texmf-dist/tex/generic/babel/babel.sty
Package: babel 2019/04/03 3.29 The Babel package
 (/usr/share/texmf-dist/tex/generic/babel/switch.def
File: switch.def 2019/04/03 3.29 Babel switching mechanism
) (/usr/share/texmf-dist/tex/generic/babel-spanish/spanish.ldf
Language: spanish.ldf 2016/03/03 v5.0p Spanish support from the babel system
 (/usr/share/texmf-dist/tex/generic/babel/babel.def
File: babel.def 2019/04/03 3.29 Babel common definitions
\babel@savecnt=\count95
\U@D=\dimen126
 (/usr/share/texmf-dist/tex/generic/babel/txtbabel.def)
\bbl@dirlevel=\count96
)
\es@quottoks=\toks17
\es@quotdepth=\count97
Package babel Info: Making " an active character on input line 561.
Package babel Info: Making . an active character on input line 662.
Package babel Info: Making < an active character on input line 707.
Package babel Info: Making > an active character on input line 707.
)) (/usr/share/texmf-dist/tex/latex/multirow/multirow.sty
Package: multirow 2019/01/01 v2.4 Span multiple rows of a table
\multirow@colwidth=\skip44
\multirow@cntb=\count98
\multirow@dima=\skip45
\bigstrutjot=\dimen127
) (/usr/share/texmf-dist/tex/latex/amsmath/amsmath.sty
Package: amsmath 2018/12/01 v2.17b AMS math features
\@mathmargin=\skip46

For additional information on amsmath, use the `?' option.
(/usr/share/texmf-dist/tex/latex/amsmath/amstext.sty
Package: amstext 2000/06/29 v2.01 AMS text
 (/usr/share/texmf-dist/tex/latex/amsmath/amsgen.sty
File: amsgen.sty 1999/11/30 v2.0 generic functions
\@emptytoks=\toks18
\ex@=\dimen128
)) (/usr/share/texmf-dist/tex/latex/amsmath/amsbsy.sty
Package: amsbsy 1999/11/29 v1.2d Bold Symbols
\pmbraise@=\dimen129
) (/usr/share/texmf-dist/tex/latex/amsmath/amsopn.sty
Package: amsopn 2016/03/08 v2.02 operator names
)
\inf@bad=\count99
LaTeX Info: Redefining \frac on input line 223.
\uproot@=\count100
\leftroot@=\count101
LaTeX Info: Redefining \overline on input line 385.
\classnum@=\count102
\DOTSCASE@=\count103
LaTeX Info: Redefining \ldots on input line 482.
LaTeX Info: Redefining \dots on input line 485.
LaTeX Info: Redefining \cdots on input line 606.
\Mathstrutbox@=\box29
\strutbox@=\box30
\big@size=\dimen130
LaTeX Font Info:    Redeclaring font encoding OML on input line 729.
LaTeX Font Info:    Redeclaring font encoding OMS on input line 730.
\macc@depth=\count104
\c@MaxMatrixCols=\count105
\dotsspace@=\muskip10
\c@parentequation=\count106
\dspbrk@lvl=\count107
\tag@help=\toks19
\row@=\count108
\column@=\count109
\maxfields@=\count110
\andhelp@=\toks20
\eqnshift@=\dimen131
\alignsep@=\dimen132
\tagshift@=\dimen133
\tagwidth@=\dimen134
\totwidth@=\dimen135
\lineht@=\dimen136
\@envbody=\toks21
\multlinegap=\skip47
\multlinetaggap=\skip48
\mathdisplay@stack=\toks22
LaTeX Info: Redefining \[ on input line 2844.
LaTeX Info: Redefining \] on input line 2845.
) (/usr/share/texmf-dist/tex/latex/float/float.sty
Package: float 2001/11/08 v1.3d Float enhancements (AL)
\c@float@type=\count111
\float@exts=\toks23
\float@box=\box31
\@float@everytoks=\toks24
\@floatcapt=\box32
) (/usr/share/texmf-dist/tex/latex/graphics/graphicx.sty
Package: graphicx 2017/06/01 v1.1a Enhanced LaTeX Graphics (DPC,SPQR)
 (/usr/share/texmf-dist/tex/latex/graphics/keyval.sty
Package: keyval 2014/10/28 v1.15 key=value parser (DPC)
\KV@toks@=\toks25
) (/usr/share/texmf-dist/tex/latex/graphics/graphics.sty
Package: graphics 2017/06/25 v1.2c Standard LaTeX Graphics (DPC,SPQR)
 (/usr/share/texmf-dist/tex/latex/graphics/trig.sty
Package: trig 2016/01/03 v1.10 sin cos tan (DPC)
) (/usr/share/texmf-dist/tex/latex/graphics-cfg/graphics.cfg
File: graphics.cfg 2016/06/04 v1.11 sample graphics configuration
)
Package graphics Info: Driver file: pdftex.def on input line 99.
 (/usr/share/texmf-dist/tex/latex/graphics-def/pdftex.def
File: pdftex.def 2018/01/08 v1.0l Graphics/color driver for pdftex
))
\Gin@req@height=\dimen137
\Gin@req@width=\dimen138
) (./paper.aux
LaTeX Info: Redefining \. on input line 6.
LaTeX Info: Redefining \% on input line 6.


LaTeX Warning: Label `IEEEhowto:kopka' multiply defined.


LaTeX Warning: Label `IEEEhowto:kopka' multiply defined.


LaTeX Warning: Label `IEEEhowto:kopka' multiply defined.


LaTeX Warning: Label `IEEEhowto:kopka' multiply defined.


LaTeX Warning: Label `IEEEhowto:kopka' multiply defined.


LaTeX Warning: Label `IEEEhowto:kopka' multiply defined.

)
\openout1 = `paper.aux'.

LaTeX Font Info:    Checking defaults for OML/cmm/m/it on input line 14.
LaTeX Font Info:    ... okay on input line 14.
LaTeX Font Info:    Checking defaults for T1/cmr/m/n on input line 14.
LaTeX Font Info:    ... okay on input line 14.
LaTeX Font Info:    Checking defaults for OT1/cmr/m/n on input line 14.
LaTeX Font Info:    ... okay on input line 14.
LaTeX Font Info:    Checking defaults for OMS/cmsy/m/n on input line 14.
LaTeX Font Info:    ... okay on input line 14.
LaTeX Font Info:    Checking defaults for OMX/cmex/m/n on input line 14.
LaTeX Font Info:    ... okay on input line 14.
LaTeX Font Info:    Checking defaults for U/cmr/m/n on input line 14.
LaTeX Font Info:    ... okay on input line 14.

-- Lines per column: 56 (exact).
LaTeX Info: Redefining \. on input line 14.
LaTeX Info: Redefining \% on input line 14.
(/usr/share/texmf-dist/tex/context/base/mkii/supp-pdf.mkii
[Loading MPS to PDF converter (version 2006.09.02).]
\scratchcounter=\count112
\scratchdimen=\dimen139
\scratchbox=\box33
\nofMPsegments=\count113
\nofMParguments=\count114
\everyMPshowfont=\toks26
\MPscratchCnt=\count115
\MPscratchDim=\dimen140
\MPnumerator=\count116
\makeMPintoPDFobject=\count117
\everyMPtoPDFconversion=\toks27
) (/usr/share/texmf-dist/tex/latex/oberdiek/epstopdf-base.sty
Package: epstopdf-base 2016/05/15 v2.6 Base part for package epstopdf
 (/usr/share/texmf-dist/tex/generic/oberdiek/infwarerr.sty
Package: infwarerr 2016/05/16 v1.4 Providing info/warning/error messages (HO)
) (/usr/share/texmf-dist/tex/latex/oberdiek/grfext.sty
Package: grfext 2016/05/16 v1.2 Manage graphics extensions (HO)
 (/usr/share/texmf-dist/tex/generic/oberdiek/kvdefinekeys.sty
Package: kvdefinekeys 2016/05/16 v1.4 Define keys (HO)
 (/usr/share/texmf-dist/tex/generic/oberdiek/ltxcmds.sty
Package: ltxcmds 2016/05/16 v1.23 LaTeX kernel commands for general use (HO)
))) (/usr/share/texmf-dist/tex/latex/oberdiek/kvoptions.sty
Package: kvoptions 2016/05/16 v3.12 Key value format for package options (HO)
 (/usr/share/texmf-dist/tex/generic/oberdiek/kvsetkeys.sty
Package: kvsetkeys 2016/05/16 v1.17 Key value parser (HO)
 (/usr/share/texmf-dist/tex/generic/oberdiek/etexcmds.sty
Package: etexcmds 2016/05/16 v1.6 Avoid name clashes with e-TeX commands (HO)
 (/usr/share/texmf-dist/tex/generic/oberdiek/ifluatex.sty
Package: ifluatex 2016/05/16 v1.4 Provides the ifluatex switch (HO)
Package ifluatex Info: LuaTeX not detected.
)))) (/usr/share/texmf-dist/tex/generic/oberdiek/pdftexcmds.sty
Package: pdftexcmds 2018/09/10 v0.29 Utility functions of pdfTeX for LuaTeX (HO)
 (/usr/share/texmf-dist/tex/generic/oberdiek/ifpdf.sty
Package: ifpdf 2018/09/07 v3.3 Provides the ifpdf switch
)
Package pdftexcmds Info: LuaTeX not detected.
Package pdftexcmds Info: \pdf@primitive is available.
Package pdftexcmds Info: \pdf@ifprimitive is available.
Package pdftexcmds Info: \pdfdraftmode found.
)
Package epstopdf-base Info: Redefining graphics rule for `.eps' on input line 438.
Package grfext Info: Graphics extension search list:
(grfext)             [.pdf,.png,.jpg,.mps,.jpeg,.jbig2,.jb2,.PDF,.PNG,.JPG,.JPEG,.JBIG2,.JB2,.eps]
(grfext)             \AppendGraphicsExtensions on input line 456.
 (/usr/share/texmf-dist/tex/latex/latexconfig/epstopdf-sys.cfg
File: epstopdf-sys.cfg 2010/07/13 v1.3 Configuration of (r)epstopdf for TeX Live
))
LaTeX Font Info:    Calculating math sizes for size <11> on input line 23.

Underfull \hbox (badness 2818) in paragraph at lines 25--27
\OT1/ptm/b/n/9 Semi-conduc-tor Field Ef-fect Tran-sis-tor) co-mo los IGBT's
 []


Underfull \hbox (badness 5548) in paragraph at lines 25--27
\OT1/ptm/b/n/9 (In-su-la-ted Ga-te Bi-po-lar Tran-sis-tor) son dis-po-si-ti-vos de
 []


Underfull \hbox (badness 10000) in paragraph at lines 25--27

 []

<imagenes/circuit_mosfet.png, id=1, 498.86375pt x 312.16624pt>
File: imagenes/circuit_mosfet.png Graphic file (type png)
<use imagenes/circuit_mosfet.png>
Package pdftex.def Info: imagenes/circuit_mosfet.png  used on input line 42.
(pdftex.def)             Requested size: 252.0pt x 157.68796pt.
<imagenes/ic_mosfet.png, id=2, 1520.68124pt x 680.5425pt>
File: imagenes/ic_mosfet.png Graphic file (type png)
<use imagenes/ic_mosfet.png>
Package pdftex.def Info: imagenes/ic_mosfet.png  used on input line 49.
(pdftex.def)             Requested size: 252.0pt x 112.77272pt.
<imagenes/vds_mosfet.png, id=3, 1557.82pt x 685.56125pt>
File: imagenes/vds_mosfet.png Graphic file (type png)
<use imagenes/vds_mosfet.png>
Package pdftex.def Info: imagenes/vds_mosfet.png  used on input line 56.
(pdftex.def)             Requested size: 252.0pt x 110.89503pt.
<imagenes/vgs_mosfet.png, id=4, 1571.8725pt x 682.55pt>
File: imagenes/vgs_mosfet.png Graphic file (type png)
<use imagenes/vgs_mosfet.png>
Package pdftex.def Info: imagenes/vgs_mosfet.png  used on input line 63.
(pdftex.def)             Requested size: 252.0pt x 109.41852pt.
[1{/var/lib/texmf/fonts/map/pdftex/updmap/pdftex.map}


 <./imagenes/circuit_mosfet.png> <./imagenes/ic_mosfet.png> <./imagenes/vds_mosfet.png>]
<imagenes/vds_vgs_mosfet.png, id=16, 1557.82pt x 681.54625pt>
File: imagenes/vds_vgs_mosfet.png Graphic file (type png)
<use imagenes/vds_vgs_mosfet.png>
Package pdftex.def Info: imagenes/vds_vgs_mosfet.png  used on input line 70.
(pdftex.def)             Requested size: 252.0pt x 110.24557pt.
<imagenes/circuit_igbt.png, id=17, 459.7175pt x 268.00125pt>
File: imagenes/circuit_igbt.png Graphic file (type png)
<use imagenes/circuit_igbt.png>
Package pdftex.def Info: imagenes/circuit_igbt.png  used on input line 81.
(pdftex.def)             Requested size: 252.0pt x 146.9104pt.
<imagenes/ic_igbt.png, id=18, 1550.79375pt x 612.2875pt>
File: imagenes/ic_igbt.png Graphic file (type png)
<use imagenes/ic_igbt.png>
Package pdftex.def Info: imagenes/ic_igbt.png  used on input line 99.
(pdftex.def)             Requested size: 252.0pt x 99.49086pt.
<imagenes/vge_igbt.png, id=19, 1426.32875pt x 678.535pt>
File: imagenes/vge_igbt.png Graphic file (type png)
<use imagenes/vge_igbt.png>
Package pdftex.def Info: imagenes/vge_igbt.png  used on input line 106.
(pdftex.def)             Requested size: 252.0pt x 119.87395pt.
<imagenes/vce_igbt.png, id=20, 1527.7075pt x 639.38875pt>
File: imagenes/vce_igbt.png Graphic file (type png)
<use imagenes/vce_igbt.png>
Package pdftex.def Info: imagenes/vce_igbt.png  used on input line 113.
(pdftex.def)             Requested size: 252.0pt x 105.46532pt.

Underfull \vbox (badness 10000) has occurred while \output is active []

 [2 <./imagenes/vgs_mosfet.png> <./imagenes/vds_vgs_mosfet.png> <./imagenes/circuit_igbt.png> <./imagenes/ic_igbt.png> <./imagenes/vge_igbt.png>]

./paper.tex:123: Package inputenc Error: Unicode character μ (U+03BC)
(inputenc)                not set up for use with LaTeX.

See the inputenc package documentation for explanation.
Type  H <return>  for immediate help.
 ...                                              
                                                  
l.123 ...o y apagado dentro de un máximo de 10 μ
                                                  s.
You may provide a definition with
\DeclareUnicodeCharacter 

<imagenes/SOA.png, id=24, 238.8925pt x 222.8325pt>
File: imagenes/SOA.png Graphic file (type png)
<use imagenes/SOA.png>
Package pdftex.def Info: imagenes/SOA.png  used on input line 129.
(pdftex.def)             Requested size: 252.0pt x 235.05887pt.

Underfull \hbox (badness 10000) in paragraph at lines 141--142

 []


Underfull \hbox (badness 10000) in paragraph at lines 145--146

 []


Underfull \hbox (badness 10000) in paragraph at lines 149--150

 []


Underfull \hbox (badness 10000) in paragraph at lines 153--154

 []

./paper.tex:157: Misplaced alignment tab character &.
l.157 Tech notes &
                   Data sheets On Line, Philips Semiconductors.  USA. www.Ph...
I can't figure out why you would want to use a tab mark
here. If you just want an ampersand, the remedy is
simple: Just type `I\&' now. But if some right brace
up above has ended a previous alignment prematurely,
you're probably due for more error messages, and you
might try typing `S' now just to see what is salvageable.


Underfull \hbox (badness 10000) in paragraph at lines 157--158

 []

./paper.tex:161: Misplaced alignment tab character &.
l.161 Tech notes &
                   Data sheets On Line, International RectifierInc, www.infi...
I can't figure out why you would want to use a tab mark
here. If you just want an ampersand, the remedy is
simple: Just type `I\&' now. But if some right brace
up above has ended a previous alignment prematurely,
you're probably due for more error messages, and you
might try typing `S' now just to see what is salvageable.


Underfull \hbox (badness 7888) in paragraph at lines 161--162
[]\OT1/ptm/m/n/8 Tech no-tes  Da-ta sheets On Li-ne, In-ter-na-tio-nal Rec-ti-fie-rInc,
 []


Underfull \hbox (badness 10000) in paragraph at lines 161--162

 []

./paper.tex:165: Misplaced alignment tab character &.
l.165 Tech notes &
                   Data sheets On Line, Semikron Inc,
I can't figure out why you would want to use a tab mark
here. If you just want an ampersand, the remedy is
simple: Just type `I\&' now. But if some right brace
up above has ended a previous alignment prematurely,
you're probably due for more error messages, and you
might try typing `S' now just to see what is salvageable.


Underfull \hbox (badness 10000) in paragraph at lines 165--167

 []


Underfull \hbox (badness 5189) in paragraph at lines 172--173
[]\OT1/ptm/b/n/10 Facundo Emi-lio Na-va-rro\OT1/ptm/m/n/10 , Na-ci-do en Neu-qu[]en el
 []


Underfull \hbox (badness 10000) in paragraph at lines 172--173
\OT1/ptm/m/n/10 04/06/1992. Es-tu-dian-te de In-ge-nier[]^^Pa en Electr[]oni-ca,
 []


Underfull \hbox (badness 10000) in paragraph at lines 172--173
\OT1/ptm/m/n/10 Uni-ver-si-dad Tec-nol[]ogi-ca Na-cio-nal, Fa-cul-tad Re-gio-nal
 []


Underfull \hbox (badness 10000) in paragraph at lines 172--173

 []


** Conference Paper **
Before submitting the final camera ready copy, remember to:

 1. Manually equalize the lengths of two columns on the last page
 of your paper;

 2. Ensure that any PostScript and/or PDF output post-processing
 uses only Type 1 fonts and that every step in the generation
 process uses the appropriate paper size.

[3 <./imagenes/vce_igbt.png> <./imagenes/SOA.png (PNG copy)>] (./paper.aux
LaTeX Info: Redefining \. on input line 6.
LaTeX Info: Redefining \% on input line 6.
)

LaTeX Warning: There were multiply-defined labels.

 ) 
Here is how much of TeX's memory you used:
 4010 strings out of 492623
 59459 string characters out of 6135670
 147110 words of memory out of 5000000
 7862 multiletter control sequences out of 15000+600000
 39315 words of font info for 79 fonts, out of 8000000 for 9000
 1144 hyphenation exceptions out of 8191
 41i,13n,31p,879b,359s stack positions out of 5000i,500n,10000p,200000b,80000s
{/usr/share/texmf-dist/fonts/enc/dvips/base/8r.enc}</usr/share/texmf-dist/fonts/type1/public/amsfonts/cm/cmmi6.pfb></usr/share/texmf-dist/fonts/type1/public/amsfonts/cm/cmmi8.pfb></usr/share/texmf-dist/fonts/type1/urw/times/utmb8a.pfb></usr/share/texmf-dist/fonts/type1/urw/times/utmbi8a.pfb></usr/share/texmf-dist/fonts/type1/urw/times/utmr8a.pfb></usr/share/texmf-dist/fonts/type1/urw/times/utmri8a.pfb>
Output written on paper.pdf (3 pages, 240925 bytes).
PDF statistics:
 49 PDF objects out of 1000 (max. 8388607)
 27 compressed objects within 1 object stream
 0 named destinations out of 1000 (max. 500000)
 51 words of extra memory for PDF output out of 10000 (max. 10000000)

